Assuming unrestricted shared filesystem usage.
None
host: ENDO-M-027L7J4
Building DAG of jobs...
Using shell: /bin/bash
Provided cores: 1 (use --cores to define parallelism)
Rules claiming more threads will be scaled down.
Job stats:
job              count
-------------  -------
all                  1
combine_leads        6
total                7

Select jobs to execute...
Execute 1 jobs...
[Wed Apr  2 17:24:51 2025]
localrule combine_leads:
    output: example_outputs/final_tables/thyroid_cancer_both_most_significant.tsv, example_outputs/final_tables/thyroid_cancer_both_all_ancestries.tsv, example_outputs/final_tables/thyroid_cancer_both_count.tsv
    log: example_outputs/final_tables/thyroid_cancer_both.log
    jobid: 1
    reason: Missing output files: example_outputs/final_tables/thyroid_cancer_both_all_ancestries.tsv, example_outputs/final_tables/thyroid_cancer_both_most_significant.tsv, example_outputs/final_tables/thyroid_cancer_both_count.tsv
    wildcards: output_dir=example_outputs, phenotype=thyroid_cancer_both
    resources: tmpdir=/var/folders/6n/qsyvjjbx6394xfkzt4c8krsm0000gp/T

Waiting for more resources.
[Wed Apr  2 17:24:52 2025]
Finished jobid: 1 (Rule: combine_leads)
1 of 7 steps (14%) done
Select jobs to execute...
Execute 1 jobs...
[Wed Apr  2 17:24:52 2025]
localrule combine_leads:
    output: example_outputs/final_tables/graves_both_most_significant.tsv, example_outputs/final_tables/graves_both_all_ancestries.tsv, example_outputs/final_tables/graves_both_count.tsv
    log: example_outputs/final_tables/graves_both.log
    jobid: 4
    reason: Missing output files: example_outputs/final_tables/graves_both_most_significant.tsv, example_outputs/final_tables/graves_both_all_ancestries.tsv, example_outputs/final_tables/graves_both_count.tsv
    wildcards: output_dir=example_outputs, phenotype=graves_both
    resources: tmpdir=/var/folders/6n/qsyvjjbx6394xfkzt4c8krsm0000gp/T

Waiting for more resources.
[Wed Apr  2 17:24:52 2025]
Finished jobid: 4 (Rule: combine_leads)
2 of 7 steps (29%) done
Select jobs to execute...
Execute 1 jobs...
[Wed Apr  2 17:24:52 2025]
localrule combine_leads:
    output: example_outputs/final_tables/lymphocytic_thyroiditis_both_most_significant.tsv, example_outputs/final_tables/lymphocytic_thyroiditis_both_all_ancestries.tsv, example_outputs/final_tables/lymphocytic_thyroiditis_both_count.tsv
    log: example_outputs/final_tables/lymphocytic_thyroiditis_both.log
    jobid: 5
    reason: Missing output files: example_outputs/final_tables/lymphocytic_thyroiditis_both_most_significant.tsv, example_outputs/final_tables/lymphocytic_thyroiditis_both_all_ancestries.tsv, example_outputs/final_tables/lymphocytic_thyroiditis_both_count.tsv
    wildcards: output_dir=example_outputs, phenotype=lymphocytic_thyroiditis_both
    resources: tmpdir=/var/folders/6n/qsyvjjbx6394xfkzt4c8krsm0000gp/T

Waiting for more resources.
[Wed Apr  2 17:24:52 2025]
Finished jobid: 5 (Rule: combine_leads)
3 of 7 steps (43%) done
Select jobs to execute...
Execute 1 jobs...
[Wed Apr  2 17:24:52 2025]
localrule combine_leads:
    output: example_outputs/final_tables/hypothyroidism_both_most_significant.tsv, example_outputs/final_tables/hypothyroidism_both_all_ancestries.tsv, example_outputs/final_tables/hypothyroidism_both_count.tsv
    log: example_outputs/final_tables/hypothyroidism_both.log
    jobid: 2
    reason: Missing output files: example_outputs/final_tables/hypothyroidism_both_most_significant.tsv, example_outputs/final_tables/hypothyroidism_both_count.tsv, example_outputs/final_tables/hypothyroidism_both_all_ancestries.tsv
    wildcards: output_dir=example_outputs, phenotype=hypothyroidism_both
    resources: tmpdir=/var/folders/6n/qsyvjjbx6394xfkzt4c8krsm0000gp/T

Waiting for more resources.
Select jobs to execute...
[Wed Apr  2 17:24:52 2025]
Finished jobid: 2 (Rule: combine_leads)
4 of 7 steps (57%) done
Execute 1 jobs...
[Wed Apr  2 17:24:52 2025]
localrule combine_leads:
    output: example_outputs/final_tables/tc_vs_bng_both_most_significant.tsv, example_outputs/final_tables/tc_vs_bng_both_all_ancestries.tsv, example_outputs/final_tables/tc_vs_bng_both_count.tsv
    log: example_outputs/final_tables/tc_vs_bng_both.log
    jobid: 6
    reason: Missing output files: example_outputs/final_tables/tc_vs_bng_both_count.tsv, example_outputs/final_tables/tc_vs_bng_both_all_ancestries.tsv, example_outputs/final_tables/tc_vs_bng_both_most_significant.tsv
    wildcards: output_dir=example_outputs, phenotype=tc_vs_bng_both
    resources: tmpdir=/var/folders/6n/qsyvjjbx6394xfkzt4c8krsm0000gp/T

Waiting for more resources.
Select jobs to execute...
[Wed Apr  2 17:24:53 2025]
Finished jobid: 6 (Rule: combine_leads)
5 of 7 steps (71%) done
Execute 1 jobs...
[Wed Apr  2 17:24:53 2025]
localrule combine_leads:
    output: example_outputs/final_tables/benign_nodular_goiter_both_most_significant.tsv, example_outputs/final_tables/benign_nodular_goiter_both_all_ancestries.tsv, example_outputs/final_tables/benign_nodular_goiter_both_count.tsv
    log: example_outputs/final_tables/benign_nodular_goiter_both.log
    jobid: 3
    reason: Missing output files: example_outputs/final_tables/benign_nodular_goiter_both_most_significant.tsv, example_outputs/final_tables/benign_nodular_goiter_both_all_ancestries.tsv, example_outputs/final_tables/benign_nodular_goiter_both_count.tsv
    wildcards: output_dir=example_outputs, phenotype=benign_nodular_goiter_both
    resources: tmpdir=/var/folders/6n/qsyvjjbx6394xfkzt4c8krsm0000gp/T

Waiting for more resources.
[Wed Apr  2 17:24:53 2025]
Finished jobid: 3 (Rule: combine_leads)
6 of 7 steps (86%) done
Select jobs to execute...
Execute 1 jobs...
[Wed Apr  2 17:24:53 2025]
localrule all:
    input: example_outputs/final_tables/thyroid_cancer_both_most_significant.tsv, example_outputs/final_tables/hypothyroidism_both_most_significant.tsv, example_outputs/final_tables/benign_nodular_goiter_both_most_significant.tsv, example_outputs/final_tables/graves_both_most_significant.tsv, example_outputs/final_tables/lymphocytic_thyroiditis_both_most_significant.tsv, example_outputs/final_tables/tc_vs_bng_both_most_significant.tsv, example_outputs/final_tables/thyroid_cancer_both_all_ancestries.tsv, example_outputs/final_tables/hypothyroidism_both_all_ancestries.tsv, example_outputs/final_tables/benign_nodular_goiter_both_all_ancestries.tsv, example_outputs/final_tables/graves_both_all_ancestries.tsv, example_outputs/final_tables/lymphocytic_thyroiditis_both_all_ancestries.tsv, example_outputs/final_tables/tc_vs_bng_both_all_ancestries.tsv, example_outputs/final_tables/thyroid_cancer_both_count.tsv, example_outputs/final_tables/hypothyroidism_both_count.tsv, example_outputs/final_tables/benign_nodular_goiter_both_count.tsv, example_outputs/final_tables/graves_both_count.tsv, example_outputs/final_tables/lymphocytic_thyroiditis_both_count.tsv, example_outputs/final_tables/tc_vs_bng_both_count.tsv
    jobid: 0
    reason: Input files updated by another job: example_outputs/final_tables/graves_both_count.tsv, example_outputs/final_tables/thyroid_cancer_both_most_significant.tsv, example_outputs/final_tables/hypothyroidism_both_count.tsv, example_outputs/final_tables/benign_nodular_goiter_both_all_ancestries.tsv, example_outputs/final_tables/thyroid_cancer_both_all_ancestries.tsv, example_outputs/final_tables/hypothyroidism_both_all_ancestries.tsv, example_outputs/final_tables/tc_vs_bng_both_count.tsv, example_outputs/final_tables/tc_vs_bng_both_all_ancestries.tsv, example_outputs/final_tables/tc_vs_bng_both_most_significant.tsv, example_outputs/final_tables/graves_both_all_ancestries.tsv, example_outputs/final_tables/lymphocytic_thyroiditis_both_count.tsv, example_outputs/final_tables/hypothyroidism_both_most_significant.tsv, example_outputs/final_tables/lymphocytic_thyroiditis_both_most_significant.tsv, example_outputs/final_tables/graves_both_most_significant.tsv, example_outputs/final_tables/benign_nodular_goiter_both_most_significant.tsv, example_outputs/final_tables/benign_nodular_goiter_both_count.tsv, example_outputs/final_tables/thyroid_cancer_both_count.tsv, example_outputs/final_tables/lymphocytic_thyroiditis_both_all_ancestries.tsv
    resources: tmpdir=/var/folders/6n/qsyvjjbx6394xfkzt4c8krsm0000gp/T

Waiting for more resources.
[Wed Apr  2 17:24:53 2025]
Finished jobid: 0 (Rule: all)
7 of 7 steps (100%) done
Complete log(s): /Users/whitesa3/Desktop/gwas-analysis/combine-leads/.snakemake/log/2025-04-02T172451.758269.snakemake.log
