Assuming unrestricted shared filesystem usage.
None
host: ENDO-M-027L7J4
Building DAG of jobs...
Using shell: /bin/bash
Provided cores: 1 (use --cores to define parallelism)
Rules claiming more threads will be scaled down.
Job stats:
job              count
-------------  -------
all                  1
combine_leads        2
total                3

Select jobs to execute...
Execute 1 jobs...
[Wed Apr  2 16:57:18 2025]
localrule combine_leads:
    output: example_outputs/final_tables/thyroid_cancer_both_most_significant.tsv, example_outputs/final_tables/thyroid_cancer_both_all_ancestries.tsv, example_outputs/final_tables/thyroid_cancer_both_count.tsv
    log: example_outputs/final_tables/thyroid_cancer_both.log
    jobid: 1
    reason: Missing output files: example_outputs/final_tables/thyroid_cancer_both_most_significant.tsv, example_outputs/final_tables/thyroid_cancer_both_count.tsv, example_outputs/final_tables/thyroid_cancer_both_all_ancestries.tsv
    wildcards: output_dir=example_outputs, phenotype=thyroid_cancer_both
    resources: tmpdir=/var/folders/6n/qsyvjjbx6394xfkzt4c8krsm0000gp/T

Waiting for more resources.
[Wed Apr  2 16:57:18 2025]
Finished jobid: 1 (Rule: combine_leads)
1 of 3 steps (33%) done
Select jobs to execute...
Execute 1 jobs...
[Wed Apr  2 16:57:18 2025]
localrule combine_leads:
    output: example_outputs/final_tables/graves_both_most_significant.tsv, example_outputs/final_tables/graves_both_all_ancestries.tsv, example_outputs/final_tables/graves_both_count.tsv
    log: example_outputs/final_tables/graves_both.log
    jobid: 2
    reason: Missing output files: example_outputs/final_tables/graves_both_all_ancestries.tsv, example_outputs/final_tables/graves_both_count.tsv, example_outputs/final_tables/graves_both_most_significant.tsv
    wildcards: output_dir=example_outputs, phenotype=graves_both
    resources: tmpdir=/var/folders/6n/qsyvjjbx6394xfkzt4c8krsm0000gp/T

Waiting for more resources.
[Wed Apr  2 16:57:18 2025]
Finished jobid: 2 (Rule: combine_leads)
2 of 3 steps (67%) done
Select jobs to execute...
Execute 1 jobs...
[Wed Apr  2 16:57:18 2025]
localrule all:
    input: example_outputs/final_tables/thyroid_cancer_both_most_significant.tsv, example_outputs/final_tables/graves_both_most_significant.tsv, example_outputs/final_tables/thyroid_cancer_both_all_ancestries.tsv, example_outputs/final_tables/graves_both_all_ancestries.tsv, example_outputs/final_tables/thyroid_cancer_both_count.tsv, example_outputs/final_tables/graves_both_count.tsv
    jobid: 0
    reason: Input files updated by another job: example_outputs/final_tables/thyroid_cancer_both_most_significant.tsv, example_outputs/final_tables/thyroid_cancer_both_count.tsv, example_outputs/final_tables/graves_both_most_significant.tsv, example_outputs/final_tables/thyroid_cancer_both_all_ancestries.tsv, example_outputs/final_tables/graves_both_count.tsv, example_outputs/final_tables/graves_both_all_ancestries.tsv
    resources: tmpdir=/var/folders/6n/qsyvjjbx6394xfkzt4c8krsm0000gp/T

Waiting for more resources.
[Wed Apr  2 16:57:18 2025]
Finished jobid: 0 (Rule: all)
3 of 3 steps (100%) done
Complete log(s): /Users/whitesa3/Desktop/gwas-analysis/combine-leads/.snakemake/log/2025-04-02T165717.983008.snakemake.log
