Assuming unrestricted shared filesystem usage.
None
host: ENDO-M-027L7J4
Building DAG of jobs...
Using shell: /bin/bash
Provided cores: 2
Rules claiming more threads will be scaled down.
Job stats:
job                                          count
-----------------------------------------  -------
align_FinnGen_thyroid_cancer_both_EUR            1
all                                              1
filter_and_harmonize                             2
manhattan_FinnGen_thyroid_cancer_both_EUR        1
scatter_FinnGen_thyroid_cancer_both_EUR          1
total                                            6

Select jobs to execute...
Execute 2 jobs...
[Mon Mar 31 14:57:03 2025]
localrule filter_and_harmonize:
    input: example_inputs/gnomAD
    output: example_output/aligned/FinnGen_thyroid_cancer_both_EUR/22_FinnGen_thyroid_cancer_both_EUR_aligned_to_gnomad.tsv, example_output/aligned/FinnGen_thyroid_cancer_both_EUR/22_FinnGen_thyroid_cancer_both_EUR_not_aligned_in_gnomad.tsv, example_output/aligned/FinnGen_thyroid_cancer_both_EUR/22_FinnGen_thyroid_cancer_both_EUR_no_position_in_gnomad.tsv
    log: example_output/aligned/FinnGen_thyroid_cancer_both_EUR/logs/22_FinnGen_thyroid_cancer_both_EUR_filter_and_harmonize.log
    jobid: 2
    reason: Missing output files: example_output/aligned/FinnGen_thyroid_cancer_both_EUR/22_FinnGen_thyroid_cancer_both_EUR_aligned_to_gnomad.tsv
    wildcards: output_tsv=example_output/aligned/FinnGen_thyroid_cancer_both_EUR, phenotype=22_FinnGen_thyroid_cancer_both_EUR
    resources: tmpdir=/var/folders/6n/qsyvjjbx6394xfkzt4c8krsm0000gp/T

[Mon Mar 31 14:57:03 2025]
localrule filter_and_harmonize:
    input: example_inputs/gnomAD
    output: example_output/aligned/FinnGen_thyroid_cancer_both_EUR/21_FinnGen_thyroid_cancer_both_EUR_aligned_to_gnomad.tsv, example_output/aligned/FinnGen_thyroid_cancer_both_EUR/21_FinnGen_thyroid_cancer_both_EUR_not_aligned_in_gnomad.tsv, example_output/aligned/FinnGen_thyroid_cancer_both_EUR/21_FinnGen_thyroid_cancer_both_EUR_no_position_in_gnomad.tsv
    log: example_output/aligned/FinnGen_thyroid_cancer_both_EUR/logs/21_FinnGen_thyroid_cancer_both_EUR_filter_and_harmonize.log
    jobid: 1
    reason: Missing output files: example_output/aligned/FinnGen_thyroid_cancer_both_EUR/21_FinnGen_thyroid_cancer_both_EUR_aligned_to_gnomad.tsv
    wildcards: output_tsv=example_output/aligned/FinnGen_thyroid_cancer_both_EUR, phenotype=21_FinnGen_thyroid_cancer_both_EUR
    resources: tmpdir=/var/folders/6n/qsyvjjbx6394xfkzt4c8krsm0000gp/T

Waiting for more resources.
RuleException:
CalledProcessError in file "/Users/whitesa3/Desktop/gwas-analysis/gwasqc/Snakefile", line 239:
Command 'set -euo pipefail;  python modules/harmonize.py --gwas-software saige --gwas-results example_inputs/test.tsv --output-file example_output/aligned/FinnGen_thyroid_cancer_both_EUR/22_FinnGen_thyroid_cancer_both_EUR_aligned_to_gnomad.tsv --output-no-position example_output/aligned/FinnGen_thyroid_cancer_both_EUR/22_FinnGen_thyroid_cancer_both_EUR_no_position_in_gnomad.tsv --output-unaligned example_output/aligned/FinnGen_thyroid_cancer_both_EUR/22_FinnGen_thyroid_cancer_both_EUR_not_aligned_in_gnomad.tsv --gnomad-ref-dir example_inputs/gnomAD --sex both --chromosome 22 --ancestry EUR --chrom-col \#chrom --position pos --ea alt --non-ea ref --eaf af_alt --beta beta --pval pval --se sebeta --variant-id nan --impute nan --n-case 2859 --n-control 378749 --n-total nan &> example_output/aligned/FinnGen_thyroid_cancer_both_EUR/logs/22_FinnGen_thyroid_cancer_both_EUR_filter_and_harmonize.log' returned non-zero exit status 1.
[Mon Mar 31 14:57:04 2025]
Error in rule filter_and_harmonize:
    message: None
    jobid: 2
    input: example_inputs/gnomAD
    output: example_output/aligned/FinnGen_thyroid_cancer_both_EUR/22_FinnGen_thyroid_cancer_both_EUR_aligned_to_gnomad.tsv, example_output/aligned/FinnGen_thyroid_cancer_both_EUR/22_FinnGen_thyroid_cancer_both_EUR_not_aligned_in_gnomad.tsv, example_output/aligned/FinnGen_thyroid_cancer_both_EUR/22_FinnGen_thyroid_cancer_both_EUR_no_position_in_gnomad.tsv
    log: example_output/aligned/FinnGen_thyroid_cancer_both_EUR/logs/22_FinnGen_thyroid_cancer_both_EUR_filter_and_harmonize.log (check log file(s) for error details)
    shell:
        python modules/harmonize.py --gwas-software saige --gwas-results example_inputs/test.tsv --output-file example_output/aligned/FinnGen_thyroid_cancer_both_EUR/22_FinnGen_thyroid_cancer_both_EUR_aligned_to_gnomad.tsv --output-no-position example_output/aligned/FinnGen_thyroid_cancer_both_EUR/22_FinnGen_thyroid_cancer_both_EUR_no_position_in_gnomad.tsv --output-unaligned example_output/aligned/FinnGen_thyroid_cancer_both_EUR/22_FinnGen_thyroid_cancer_both_EUR_not_aligned_in_gnomad.tsv --gnomad-ref-dir example_inputs/gnomAD --sex both --chromosome 22 --ancestry EUR --chrom-col \#chrom --position pos --ea alt --non-ea ref --eaf af_alt --beta beta --pval pval --se sebeta --variant-id nan --impute nan --n-case 2859 --n-control 378749 --n-total nan &> example_output/aligned/FinnGen_thyroid_cancer_both_EUR/logs/22_FinnGen_thyroid_cancer_both_EUR_filter_and_harmonize.log
        (command exited with non-zero exit code)
RuleException:
CalledProcessError in file "/Users/whitesa3/Desktop/gwas-analysis/gwasqc/Snakefile", line 239:
Command 'set -euo pipefail;  python modules/harmonize.py --gwas-software saige --gwas-results example_inputs/test.tsv --output-file example_output/aligned/FinnGen_thyroid_cancer_both_EUR/21_FinnGen_thyroid_cancer_both_EUR_aligned_to_gnomad.tsv --output-no-position example_output/aligned/FinnGen_thyroid_cancer_both_EUR/21_FinnGen_thyroid_cancer_both_EUR_no_position_in_gnomad.tsv --output-unaligned example_output/aligned/FinnGen_thyroid_cancer_both_EUR/21_FinnGen_thyroid_cancer_both_EUR_not_aligned_in_gnomad.tsv --gnomad-ref-dir example_inputs/gnomAD --sex both --chromosome 21 --ancestry EUR --chrom-col \#chrom --position pos --ea alt --non-ea ref --eaf af_alt --beta beta --pval pval --se sebeta --variant-id nan --impute nan --n-case 2859 --n-control 378749 --n-total nan &> example_output/aligned/FinnGen_thyroid_cancer_both_EUR/logs/21_FinnGen_thyroid_cancer_both_EUR_filter_and_harmonize.log' returned non-zero exit status 1.
[Mon Mar 31 14:57:04 2025]
Error in rule filter_and_harmonize:
    message: None
    jobid: 1
    input: example_inputs/gnomAD
    output: example_output/aligned/FinnGen_thyroid_cancer_both_EUR/21_FinnGen_thyroid_cancer_both_EUR_aligned_to_gnomad.tsv, example_output/aligned/FinnGen_thyroid_cancer_both_EUR/21_FinnGen_thyroid_cancer_both_EUR_not_aligned_in_gnomad.tsv, example_output/aligned/FinnGen_thyroid_cancer_both_EUR/21_FinnGen_thyroid_cancer_both_EUR_no_position_in_gnomad.tsv
    log: example_output/aligned/FinnGen_thyroid_cancer_both_EUR/logs/21_FinnGen_thyroid_cancer_both_EUR_filter_and_harmonize.log (check log file(s) for error details)
    shell:
        python modules/harmonize.py --gwas-software saige --gwas-results example_inputs/test.tsv --output-file example_output/aligned/FinnGen_thyroid_cancer_both_EUR/21_FinnGen_thyroid_cancer_both_EUR_aligned_to_gnomad.tsv --output-no-position example_output/aligned/FinnGen_thyroid_cancer_both_EUR/21_FinnGen_thyroid_cancer_both_EUR_no_position_in_gnomad.tsv --output-unaligned example_output/aligned/FinnGen_thyroid_cancer_both_EUR/21_FinnGen_thyroid_cancer_both_EUR_not_aligned_in_gnomad.tsv --gnomad-ref-dir example_inputs/gnomAD --sex both --chromosome 21 --ancestry EUR --chrom-col \#chrom --position pos --ea alt --non-ea ref --eaf af_alt --beta beta --pval pval --se sebeta --variant-id nan --impute nan --n-case 2859 --n-control 378749 --n-total nan &> example_output/aligned/FinnGen_thyroid_cancer_both_EUR/logs/21_FinnGen_thyroid_cancer_both_EUR_filter_and_harmonize.log
        (command exited with non-zero exit code)
Shutting down, this might take some time.
Exiting because a job execution failed. Look below for error messages
[Mon Mar 31 14:57:04 2025]
Error in rule filter_and_harmonize:
    message: None
    jobid: 2
    input: example_inputs/gnomAD
    output: example_output/aligned/FinnGen_thyroid_cancer_both_EUR/22_FinnGen_thyroid_cancer_both_EUR_aligned_to_gnomad.tsv, example_output/aligned/FinnGen_thyroid_cancer_both_EUR/22_FinnGen_thyroid_cancer_both_EUR_not_aligned_in_gnomad.tsv, example_output/aligned/FinnGen_thyroid_cancer_both_EUR/22_FinnGen_thyroid_cancer_both_EUR_no_position_in_gnomad.tsv
    log: example_output/aligned/FinnGen_thyroid_cancer_both_EUR/logs/22_FinnGen_thyroid_cancer_both_EUR_filter_and_harmonize.log (check log file(s) for error details)
    shell:
        python modules/harmonize.py --gwas-software saige --gwas-results example_inputs/test.tsv --output-file example_output/aligned/FinnGen_thyroid_cancer_both_EUR/22_FinnGen_thyroid_cancer_both_EUR_aligned_to_gnomad.tsv --output-no-position example_output/aligned/FinnGen_thyroid_cancer_both_EUR/22_FinnGen_thyroid_cancer_both_EUR_no_position_in_gnomad.tsv --output-unaligned example_output/aligned/FinnGen_thyroid_cancer_both_EUR/22_FinnGen_thyroid_cancer_both_EUR_not_aligned_in_gnomad.tsv --gnomad-ref-dir example_inputs/gnomAD --sex both --chromosome 22 --ancestry EUR --chrom-col \#chrom --position pos --ea alt --non-ea ref --eaf af_alt --beta beta --pval pval --se sebeta --variant-id nan --impute nan --n-case 2859 --n-control 378749 --n-total nan &> example_output/aligned/FinnGen_thyroid_cancer_both_EUR/logs/22_FinnGen_thyroid_cancer_both_EUR_filter_and_harmonize.log
        (command exited with non-zero exit code)
[Mon Mar 31 14:57:04 2025]
Error in rule filter_and_harmonize:
    message: None
    jobid: 1
    input: example_inputs/gnomAD
    output: example_output/aligned/FinnGen_thyroid_cancer_both_EUR/21_FinnGen_thyroid_cancer_both_EUR_aligned_to_gnomad.tsv, example_output/aligned/FinnGen_thyroid_cancer_both_EUR/21_FinnGen_thyroid_cancer_both_EUR_not_aligned_in_gnomad.tsv, example_output/aligned/FinnGen_thyroid_cancer_both_EUR/21_FinnGen_thyroid_cancer_both_EUR_no_position_in_gnomad.tsv
    log: example_output/aligned/FinnGen_thyroid_cancer_both_EUR/logs/21_FinnGen_thyroid_cancer_both_EUR_filter_and_harmonize.log (check log file(s) for error details)
    shell:
        python modules/harmonize.py --gwas-software saige --gwas-results example_inputs/test.tsv --output-file example_output/aligned/FinnGen_thyroid_cancer_both_EUR/21_FinnGen_thyroid_cancer_both_EUR_aligned_to_gnomad.tsv --output-no-position example_output/aligned/FinnGen_thyroid_cancer_both_EUR/21_FinnGen_thyroid_cancer_both_EUR_no_position_in_gnomad.tsv --output-unaligned example_output/aligned/FinnGen_thyroid_cancer_both_EUR/21_FinnGen_thyroid_cancer_both_EUR_not_aligned_in_gnomad.tsv --gnomad-ref-dir example_inputs/gnomAD --sex both --chromosome 21 --ancestry EUR --chrom-col \#chrom --position pos --ea alt --non-ea ref --eaf af_alt --beta beta --pval pval --se sebeta --variant-id nan --impute nan --n-case 2859 --n-control 378749 --n-total nan &> example_output/aligned/FinnGen_thyroid_cancer_both_EUR/logs/21_FinnGen_thyroid_cancer_both_EUR_filter_and_harmonize.log
        (command exited with non-zero exit code)
Complete log(s): /Users/whitesa3/Desktop/gwas-analysis/gwasqc/.snakemake/log/2025-03-31T145703.521887.snakemake.log
WorkflowError:
At least one job did not complete successfully.
