Assuming unrestricted shared filesystem usage.
None
host: ENDO-M-027L7J4
Building DAG of jobs...
Using shell: /bin/bash
Provided cores: 2
Rules claiming more threads will be scaled down.
Job stats:
job                                          count
-----------------------------------------  -------
align_FinnGen_thyroid_cancer_both_EUR            1
all                                              1
filter_and_harmonize                             1
manhattan_FinnGen_thyroid_cancer_both_EUR        1
scatter_FinnGen_thyroid_cancer_both_EUR          1
total                                            5

Select jobs to execute...
Execute 1 jobs...
[Mon Mar 31 15:14:17 2025]
localrule filter_and_harmonize:
    input: example_inputs/gnomAD/ref
    output: example_output/aligned/FinnGen_thyroid_cancer_both_EUR/21_FinnGen_thyroid_cancer_both_EUR_aligned_to_gnomad.tsv, example_output/aligned/FinnGen_thyroid_cancer_both_EUR/21_FinnGen_thyroid_cancer_both_EUR_not_aligned_in_gnomad.tsv, example_output/aligned/FinnGen_thyroid_cancer_both_EUR/21_FinnGen_thyroid_cancer_both_EUR_no_position_in_gnomad.tsv
    log: example_output/aligned/FinnGen_thyroid_cancer_both_EUR/logs/21_FinnGen_thyroid_cancer_both_EUR_filter_and_harmonize.log
    jobid: 1
    reason: Missing output files: example_output/aligned/FinnGen_thyroid_cancer_both_EUR/21_FinnGen_thyroid_cancer_both_EUR_aligned_to_gnomad.tsv
    wildcards: output_tsv=example_output/aligned/FinnGen_thyroid_cancer_both_EUR, phenotype=21_FinnGen_thyroid_cancer_both_EUR
    resources: tmpdir=/var/folders/6n/qsyvjjbx6394xfkzt4c8krsm0000gp/T

Waiting for more resources.
[Mon Mar 31 15:14:36 2025]
Finished jobid: 1 (Rule: filter_and_harmonize)
1 of 5 steps (20%) done
Select jobs to execute...
Execute 1 jobs...
[Mon Mar 31 15:14:36 2025]
localrule align_FinnGen_thyroid_cancer_both_EUR:
    input: example_output/aligned/FinnGen_thyroid_cancer_both_EUR/21_FinnGen_thyroid_cancer_both_EUR_aligned_to_gnomad.tsv, example_inputs/gnomAD/flagged
    output: example_output/aligned/FinnGen_thyroid_cancer_both_EUR/FinnGen_thyroid_cancer_both_EUR_aligned_results.tsv
    log: example_output/aligned/FinnGen_thyroid_cancer_both_EUR/FinnGen_thyroid_cancer_both_EUR_aligned_results.log
    jobid: 2
    reason: Missing output files: example_output/aligned/FinnGen_thyroid_cancer_both_EUR/FinnGen_thyroid_cancer_both_EUR_aligned_results.tsv; Input files updated by another job: example_output/aligned/FinnGen_thyroid_cancer_both_EUR/21_FinnGen_thyroid_cancer_both_EUR_aligned_to_gnomad.tsv
    resources: tmpdir=/var/folders/6n/qsyvjjbx6394xfkzt4c8krsm0000gp/T

Waiting for more resources.
RuleException:
CalledProcessError in file "/Users/whitesa3/Desktop/gwas-analysis/gwasqc/Snakefile", line 256:
Command 'set -euo pipefail;  python modules/combine.py --gnomad-flag-dir example_inputs/gnomAD/flagged --file-paths example_output/aligned/FinnGen_thyroid_cancer_both_EUR/21_FinnGen_thyroid_cancer_both_EUR_aligned_to_gnomad.tsv --output-file example_output/aligned/FinnGen_thyroid_cancer_both_EUR/FinnGen_thyroid_cancer_both_EUR_aligned_results.tsv &> example_output/aligned/FinnGen_thyroid_cancer_both_EUR/FinnGen_thyroid_cancer_both_EUR_aligned_results.log' returned non-zero exit status 1.
[Mon Mar 31 15:14:40 2025]
Error in rule align_FinnGen_thyroid_cancer_both_EUR:
    message: None
    jobid: 2
    input: example_output/aligned/FinnGen_thyroid_cancer_both_EUR/21_FinnGen_thyroid_cancer_both_EUR_aligned_to_gnomad.tsv, example_inputs/gnomAD/flagged
    output: example_output/aligned/FinnGen_thyroid_cancer_both_EUR/FinnGen_thyroid_cancer_both_EUR_aligned_results.tsv
    log: example_output/aligned/FinnGen_thyroid_cancer_both_EUR/FinnGen_thyroid_cancer_both_EUR_aligned_results.log (check log file(s) for error details)
    shell:
        python modules/combine.py --gnomad-flag-dir example_inputs/gnomAD/flagged --file-paths example_output/aligned/FinnGen_thyroid_cancer_both_EUR/21_FinnGen_thyroid_cancer_both_EUR_aligned_to_gnomad.tsv --output-file example_output/aligned/FinnGen_thyroid_cancer_both_EUR/FinnGen_thyroid_cancer_both_EUR_aligned_results.tsv &> example_output/aligned/FinnGen_thyroid_cancer_both_EUR/FinnGen_thyroid_cancer_both_EUR_aligned_results.log
        (command exited with non-zero exit code)
Shutting down, this might take some time.
Exiting because a job execution failed. Look below for error messages
[Mon Mar 31 15:14:40 2025]
Error in rule align_FinnGen_thyroid_cancer_both_EUR:
    message: None
    jobid: 2
    input: example_output/aligned/FinnGen_thyroid_cancer_both_EUR/21_FinnGen_thyroid_cancer_both_EUR_aligned_to_gnomad.tsv, example_inputs/gnomAD/flagged
    output: example_output/aligned/FinnGen_thyroid_cancer_both_EUR/FinnGen_thyroid_cancer_both_EUR_aligned_results.tsv
    log: example_output/aligned/FinnGen_thyroid_cancer_both_EUR/FinnGen_thyroid_cancer_both_EUR_aligned_results.log (check log file(s) for error details)
    shell:
        python modules/combine.py --gnomad-flag-dir example_inputs/gnomAD/flagged --file-paths example_output/aligned/FinnGen_thyroid_cancer_both_EUR/21_FinnGen_thyroid_cancer_both_EUR_aligned_to_gnomad.tsv --output-file example_output/aligned/FinnGen_thyroid_cancer_both_EUR/FinnGen_thyroid_cancer_both_EUR_aligned_results.tsv &> example_output/aligned/FinnGen_thyroid_cancer_both_EUR/FinnGen_thyroid_cancer_both_EUR_aligned_results.log
        (command exited with non-zero exit code)
Complete log(s): /Users/whitesa3/Desktop/gwas-analysis/gwasqc/.snakemake/log/2025-03-31T151417.898649.snakemake.log
WorkflowError:
At least one job did not complete successfully.
