Assuming unrestricted shared filesystem usage.
None
host: ENDO-M-027L7J4
Building DAG of jobs...
Using shell: /bin/bash
Provided cores: 10
Rules claiming more threads will be scaled down.
Job stats:
job                                          count
-----------------------------------------  -------
align_FinnGen_thyroid_cancer_both_EUR            1
all                                              1
filter_and_harmonize                            21
manhattan_FinnGen_thyroid_cancer_both_EUR        1
scatter_FinnGen_thyroid_cancer_both_EUR          1
total                                           25

Select jobs to execute...
Execute 10 jobs...
[Mon Mar 31 14:52:39 2025]
localrule filter_and_harmonize:
    input: example_inputs/gnomAD
    output: example_output/aligned/FinnGen_thyroid_cancer_both_EUR/2_FinnGen_thyroid_cancer_both_EUR_aligned_to_gnomad.tsv, example_output/aligned/FinnGen_thyroid_cancer_both_EUR/2_FinnGen_thyroid_cancer_both_EUR_not_aligned_in_gnomad.tsv, example_output/aligned/FinnGen_thyroid_cancer_both_EUR/2_FinnGen_thyroid_cancer_both_EUR_no_position_in_gnomad.tsv
    log: example_output/aligned/FinnGen_thyroid_cancer_both_EUR/logs/2_FinnGen_thyroid_cancer_both_EUR_filter_and_harmonize.log
    jobid: 2
    reason: Missing output files: example_output/aligned/FinnGen_thyroid_cancer_both_EUR/2_FinnGen_thyroid_cancer_both_EUR_aligned_to_gnomad.tsv
    wildcards: output_tsv=example_output/aligned/FinnGen_thyroid_cancer_both_EUR, phenotype=2_FinnGen_thyroid_cancer_both_EUR
    resources: tmpdir=/var/folders/6n/qsyvjjbx6394xfkzt4c8krsm0000gp/T

[Mon Mar 31 14:52:39 2025]
localrule filter_and_harmonize:
    input: example_inputs/gnomAD
    output: example_output/aligned/FinnGen_thyroid_cancer_both_EUR/18_FinnGen_thyroid_cancer_both_EUR_aligned_to_gnomad.tsv, example_output/aligned/FinnGen_thyroid_cancer_both_EUR/18_FinnGen_thyroid_cancer_both_EUR_not_aligned_in_gnomad.tsv, example_output/aligned/FinnGen_thyroid_cancer_both_EUR/18_FinnGen_thyroid_cancer_both_EUR_no_position_in_gnomad.tsv
    log: example_output/aligned/FinnGen_thyroid_cancer_both_EUR/logs/18_FinnGen_thyroid_cancer_both_EUR_filter_and_harmonize.log
    jobid: 18
    reason: Missing output files: example_output/aligned/FinnGen_thyroid_cancer_both_EUR/18_FinnGen_thyroid_cancer_both_EUR_aligned_to_gnomad.tsv
    wildcards: output_tsv=example_output/aligned/FinnGen_thyroid_cancer_both_EUR, phenotype=18_FinnGen_thyroid_cancer_both_EUR
    resources: tmpdir=/var/folders/6n/qsyvjjbx6394xfkzt4c8krsm0000gp/T

[Mon Mar 31 14:52:39 2025]
localrule filter_and_harmonize:
    input: example_inputs/gnomAD
    output: example_output/aligned/FinnGen_thyroid_cancer_both_EUR/10_FinnGen_thyroid_cancer_both_EUR_aligned_to_gnomad.tsv, example_output/aligned/FinnGen_thyroid_cancer_both_EUR/10_FinnGen_thyroid_cancer_both_EUR_not_aligned_in_gnomad.tsv, example_output/aligned/FinnGen_thyroid_cancer_both_EUR/10_FinnGen_thyroid_cancer_both_EUR_no_position_in_gnomad.tsv
    log: example_output/aligned/FinnGen_thyroid_cancer_both_EUR/logs/10_FinnGen_thyroid_cancer_both_EUR_filter_and_harmonize.log
    jobid: 10
    reason: Missing output files: example_output/aligned/FinnGen_thyroid_cancer_both_EUR/10_FinnGen_thyroid_cancer_both_EUR_aligned_to_gnomad.tsv
    wildcards: output_tsv=example_output/aligned/FinnGen_thyroid_cancer_both_EUR, phenotype=10_FinnGen_thyroid_cancer_both_EUR
    resources: tmpdir=/var/folders/6n/qsyvjjbx6394xfkzt4c8krsm0000gp/T

[Mon Mar 31 14:52:39 2025]
localrule filter_and_harmonize:
    input: example_inputs/gnomAD
    output: example_output/aligned/FinnGen_thyroid_cancer_both_EUR/3_FinnGen_thyroid_cancer_both_EUR_aligned_to_gnomad.tsv, example_output/aligned/FinnGen_thyroid_cancer_both_EUR/3_FinnGen_thyroid_cancer_both_EUR_not_aligned_in_gnomad.tsv, example_output/aligned/FinnGen_thyroid_cancer_both_EUR/3_FinnGen_thyroid_cancer_both_EUR_no_position_in_gnomad.tsv
    log: example_output/aligned/FinnGen_thyroid_cancer_both_EUR/logs/3_FinnGen_thyroid_cancer_both_EUR_filter_and_harmonize.log
    jobid: 3
    reason: Missing output files: example_output/aligned/FinnGen_thyroid_cancer_both_EUR/3_FinnGen_thyroid_cancer_both_EUR_aligned_to_gnomad.tsv
    wildcards: output_tsv=example_output/aligned/FinnGen_thyroid_cancer_both_EUR, phenotype=3_FinnGen_thyroid_cancer_both_EUR
    resources: tmpdir=/var/folders/6n/qsyvjjbx6394xfkzt4c8krsm0000gp/T

[Mon Mar 31 14:52:39 2025]
localrule filter_and_harmonize:
    input: example_inputs/gnomAD
    output: example_output/aligned/FinnGen_thyroid_cancer_both_EUR/17_FinnGen_thyroid_cancer_both_EUR_aligned_to_gnomad.tsv, example_output/aligned/FinnGen_thyroid_cancer_both_EUR/17_FinnGen_thyroid_cancer_both_EUR_not_aligned_in_gnomad.tsv, example_output/aligned/FinnGen_thyroid_cancer_both_EUR/17_FinnGen_thyroid_cancer_both_EUR_no_position_in_gnomad.tsv
    log: example_output/aligned/FinnGen_thyroid_cancer_both_EUR/logs/17_FinnGen_thyroid_cancer_both_EUR_filter_and_harmonize.log
    jobid: 17
    reason: Missing output files: example_output/aligned/FinnGen_thyroid_cancer_both_EUR/17_FinnGen_thyroid_cancer_both_EUR_aligned_to_gnomad.tsv
    wildcards: output_tsv=example_output/aligned/FinnGen_thyroid_cancer_both_EUR, phenotype=17_FinnGen_thyroid_cancer_both_EUR
    resources: tmpdir=/var/folders/6n/qsyvjjbx6394xfkzt4c8krsm0000gp/T

[Mon Mar 31 14:52:39 2025]
localrule filter_and_harmonize:
    input: example_inputs/gnomAD
    output: example_output/aligned/FinnGen_thyroid_cancer_both_EUR/9_FinnGen_thyroid_cancer_both_EUR_aligned_to_gnomad.tsv, example_output/aligned/FinnGen_thyroid_cancer_both_EUR/9_FinnGen_thyroid_cancer_both_EUR_not_aligned_in_gnomad.tsv, example_output/aligned/FinnGen_thyroid_cancer_both_EUR/9_FinnGen_thyroid_cancer_both_EUR_no_position_in_gnomad.tsv
    log: example_output/aligned/FinnGen_thyroid_cancer_both_EUR/logs/9_FinnGen_thyroid_cancer_both_EUR_filter_and_harmonize.log
    jobid: 9
    reason: Missing output files: example_output/aligned/FinnGen_thyroid_cancer_both_EUR/9_FinnGen_thyroid_cancer_both_EUR_aligned_to_gnomad.tsv
    wildcards: output_tsv=example_output/aligned/FinnGen_thyroid_cancer_both_EUR, phenotype=9_FinnGen_thyroid_cancer_both_EUR
    resources: tmpdir=/var/folders/6n/qsyvjjbx6394xfkzt4c8krsm0000gp/T

[Mon Mar 31 14:52:39 2025]
localrule filter_and_harmonize:
    input: example_inputs/gnomAD
    output: example_output/aligned/FinnGen_thyroid_cancer_both_EUR/4_FinnGen_thyroid_cancer_both_EUR_aligned_to_gnomad.tsv, example_output/aligned/FinnGen_thyroid_cancer_both_EUR/4_FinnGen_thyroid_cancer_both_EUR_not_aligned_in_gnomad.tsv, example_output/aligned/FinnGen_thyroid_cancer_both_EUR/4_FinnGen_thyroid_cancer_both_EUR_no_position_in_gnomad.tsv
    log: example_output/aligned/FinnGen_thyroid_cancer_both_EUR/logs/4_FinnGen_thyroid_cancer_both_EUR_filter_and_harmonize.log
    jobid: 4
    reason: Missing output files: example_output/aligned/FinnGen_thyroid_cancer_both_EUR/4_FinnGen_thyroid_cancer_both_EUR_aligned_to_gnomad.tsv
    wildcards: output_tsv=example_output/aligned/FinnGen_thyroid_cancer_both_EUR, phenotype=4_FinnGen_thyroid_cancer_both_EUR
    resources: tmpdir=/var/folders/6n/qsyvjjbx6394xfkzt4c8krsm0000gp/T

[Mon Mar 31 14:52:39 2025]
localrule filter_and_harmonize:
    input: example_inputs/gnomAD
    output: example_output/aligned/FinnGen_thyroid_cancer_both_EUR/19_FinnGen_thyroid_cancer_both_EUR_aligned_to_gnomad.tsv, example_output/aligned/FinnGen_thyroid_cancer_both_EUR/19_FinnGen_thyroid_cancer_both_EUR_not_aligned_in_gnomad.tsv, example_output/aligned/FinnGen_thyroid_cancer_both_EUR/19_FinnGen_thyroid_cancer_both_EUR_no_position_in_gnomad.tsv
    log: example_output/aligned/FinnGen_thyroid_cancer_both_EUR/logs/19_FinnGen_thyroid_cancer_both_EUR_filter_and_harmonize.log
    jobid: 19
    reason: Missing output files: example_output/aligned/FinnGen_thyroid_cancer_both_EUR/19_FinnGen_thyroid_cancer_both_EUR_aligned_to_gnomad.tsv
    wildcards: output_tsv=example_output/aligned/FinnGen_thyroid_cancer_both_EUR, phenotype=19_FinnGen_thyroid_cancer_both_EUR
    resources: tmpdir=/var/folders/6n/qsyvjjbx6394xfkzt4c8krsm0000gp/T

[Mon Mar 31 14:52:39 2025]
localrule filter_and_harmonize:
    input: example_inputs/gnomAD
    output: example_output/aligned/FinnGen_thyroid_cancer_both_EUR/12_FinnGen_thyroid_cancer_both_EUR_aligned_to_gnomad.tsv, example_output/aligned/FinnGen_thyroid_cancer_both_EUR/12_FinnGen_thyroid_cancer_both_EUR_not_aligned_in_gnomad.tsv, example_output/aligned/FinnGen_thyroid_cancer_both_EUR/12_FinnGen_thyroid_cancer_both_EUR_no_position_in_gnomad.tsv
    log: example_output/aligned/FinnGen_thyroid_cancer_both_EUR/logs/12_FinnGen_thyroid_cancer_both_EUR_filter_and_harmonize.log
    jobid: 12
    reason: Missing output files: example_output/aligned/FinnGen_thyroid_cancer_both_EUR/12_FinnGen_thyroid_cancer_both_EUR_aligned_to_gnomad.tsv
    wildcards: output_tsv=example_output/aligned/FinnGen_thyroid_cancer_both_EUR, phenotype=12_FinnGen_thyroid_cancer_both_EUR
    resources: tmpdir=/var/folders/6n/qsyvjjbx6394xfkzt4c8krsm0000gp/T

[Mon Mar 31 14:52:39 2025]
localrule filter_and_harmonize:
    input: example_inputs/gnomAD
    output: example_output/aligned/FinnGen_thyroid_cancer_both_EUR/5_FinnGen_thyroid_cancer_both_EUR_aligned_to_gnomad.tsv, example_output/aligned/FinnGen_thyroid_cancer_both_EUR/5_FinnGen_thyroid_cancer_both_EUR_not_aligned_in_gnomad.tsv, example_output/aligned/FinnGen_thyroid_cancer_both_EUR/5_FinnGen_thyroid_cancer_both_EUR_no_position_in_gnomad.tsv
    log: example_output/aligned/FinnGen_thyroid_cancer_both_EUR/logs/5_FinnGen_thyroid_cancer_both_EUR_filter_and_harmonize.log
    jobid: 5
    reason: Missing output files: example_output/aligned/FinnGen_thyroid_cancer_both_EUR/5_FinnGen_thyroid_cancer_both_EUR_aligned_to_gnomad.tsv
    wildcards: output_tsv=example_output/aligned/FinnGen_thyroid_cancer_both_EUR, phenotype=5_FinnGen_thyroid_cancer_both_EUR
    resources: tmpdir=/var/folders/6n/qsyvjjbx6394xfkzt4c8krsm0000gp/T

Waiting for more resources.
RuleException:
CalledProcessError in file "/Users/whitesa3/Desktop/gwas-analysis/gwasqc/Snakefile", line 239:
Command 'set -euo pipefail;  python modules/harmonize.py --gwas-software saige --gwas-results example_inputs/test.tsv --output-file example_output/aligned/FinnGen_thyroid_cancer_both_EUR/12_FinnGen_thyroid_cancer_both_EUR_aligned_to_gnomad.tsv --output-no-position example_output/aligned/FinnGen_thyroid_cancer_both_EUR/12_FinnGen_thyroid_cancer_both_EUR_no_position_in_gnomad.tsv --output-unaligned example_output/aligned/FinnGen_thyroid_cancer_both_EUR/12_FinnGen_thyroid_cancer_both_EUR_not_aligned_in_gnomad.tsv --gnomad-ref-dir example_inputs/gnomAD --sex both --chromosome 12 --ancestry EUR --chrom-col \#chrom --position pos --ea alt --non-ea ref --eaf af_alt --beta beta --pval pval --se sebeta --variant-id nan --impute nan --n-case 2859 --n-control 378749 --n-total nan &> example_output/aligned/FinnGen_thyroid_cancer_both_EUR/logs/12_FinnGen_thyroid_cancer_both_EUR_filter_and_harmonize.log' returned non-zero exit status 1.
[Mon Mar 31 14:52:40 2025]
Error in rule filter_and_harmonize:
    message: None
    jobid: 12
    input: example_inputs/gnomAD
    output: example_output/aligned/FinnGen_thyroid_cancer_both_EUR/12_FinnGen_thyroid_cancer_both_EUR_aligned_to_gnomad.tsv, example_output/aligned/FinnGen_thyroid_cancer_both_EUR/12_FinnGen_thyroid_cancer_both_EUR_not_aligned_in_gnomad.tsv, example_output/aligned/FinnGen_thyroid_cancer_both_EUR/12_FinnGen_thyroid_cancer_both_EUR_no_position_in_gnomad.tsv
    log: example_output/aligned/FinnGen_thyroid_cancer_both_EUR/logs/12_FinnGen_thyroid_cancer_both_EUR_filter_and_harmonize.log (check log file(s) for error details)
    shell:
        python modules/harmonize.py --gwas-software saige --gwas-results example_inputs/test.tsv --output-file example_output/aligned/FinnGen_thyroid_cancer_both_EUR/12_FinnGen_thyroid_cancer_both_EUR_aligned_to_gnomad.tsv --output-no-position example_output/aligned/FinnGen_thyroid_cancer_both_EUR/12_FinnGen_thyroid_cancer_both_EUR_no_position_in_gnomad.tsv --output-unaligned example_output/aligned/FinnGen_thyroid_cancer_both_EUR/12_FinnGen_thyroid_cancer_both_EUR_not_aligned_in_gnomad.tsv --gnomad-ref-dir example_inputs/gnomAD --sex both --chromosome 12 --ancestry EUR --chrom-col \#chrom --position pos --ea alt --non-ea ref --eaf af_alt --beta beta --pval pval --se sebeta --variant-id nan --impute nan --n-case 2859 --n-control 378749 --n-total nan &> example_output/aligned/FinnGen_thyroid_cancer_both_EUR/logs/12_FinnGen_thyroid_cancer_both_EUR_filter_and_harmonize.log
        (command exited with non-zero exit code)
RuleException:
CalledProcessError in file "/Users/whitesa3/Desktop/gwas-analysis/gwasqc/Snakefile", line 239:
Command 'set -euo pipefail;  python modules/harmonize.py --gwas-software saige --gwas-results example_inputs/test.tsv --output-file example_output/aligned/FinnGen_thyroid_cancer_both_EUR/17_FinnGen_thyroid_cancer_both_EUR_aligned_to_gnomad.tsv --output-no-position example_output/aligned/FinnGen_thyroid_cancer_both_EUR/17_FinnGen_thyroid_cancer_both_EUR_no_position_in_gnomad.tsv --output-unaligned example_output/aligned/FinnGen_thyroid_cancer_both_EUR/17_FinnGen_thyroid_cancer_both_EUR_not_aligned_in_gnomad.tsv --gnomad-ref-dir example_inputs/gnomAD --sex both --chromosome 17 --ancestry EUR --chrom-col \#chrom --position pos --ea alt --non-ea ref --eaf af_alt --beta beta --pval pval --se sebeta --variant-id nan --impute nan --n-case 2859 --n-control 378749 --n-total nan &> example_output/aligned/FinnGen_thyroid_cancer_both_EUR/logs/17_FinnGen_thyroid_cancer_both_EUR_filter_and_harmonize.log' returned non-zero exit status 1.
[Mon Mar 31 14:52:40 2025]
Error in rule filter_and_harmonize:
    message: None
    jobid: 17
    input: example_inputs/gnomAD
    output: example_output/aligned/FinnGen_thyroid_cancer_both_EUR/17_FinnGen_thyroid_cancer_both_EUR_aligned_to_gnomad.tsv, example_output/aligned/FinnGen_thyroid_cancer_both_EUR/17_FinnGen_thyroid_cancer_both_EUR_not_aligned_in_gnomad.tsv, example_output/aligned/FinnGen_thyroid_cancer_both_EUR/17_FinnGen_thyroid_cancer_both_EUR_no_position_in_gnomad.tsv
    log: example_output/aligned/FinnGen_thyroid_cancer_both_EUR/logs/17_FinnGen_thyroid_cancer_both_EUR_filter_and_harmonize.log (check log file(s) for error details)
    shell:
        python modules/harmonize.py --gwas-software saige --gwas-results example_inputs/test.tsv --output-file example_output/aligned/FinnGen_thyroid_cancer_both_EUR/17_FinnGen_thyroid_cancer_both_EUR_aligned_to_gnomad.tsv --output-no-position example_output/aligned/FinnGen_thyroid_cancer_both_EUR/17_FinnGen_thyroid_cancer_both_EUR_no_position_in_gnomad.tsv --output-unaligned example_output/aligned/FinnGen_thyroid_cancer_both_EUR/17_FinnGen_thyroid_cancer_both_EUR_not_aligned_in_gnomad.tsv --gnomad-ref-dir example_inputs/gnomAD --sex both --chromosome 17 --ancestry EUR --chrom-col \#chrom --position pos --ea alt --non-ea ref --eaf af_alt --beta beta --pval pval --se sebeta --variant-id nan --impute nan --n-case 2859 --n-control 378749 --n-total nan &> example_output/aligned/FinnGen_thyroid_cancer_both_EUR/logs/17_FinnGen_thyroid_cancer_both_EUR_filter_and_harmonize.log
        (command exited with non-zero exit code)
RuleException:
CalledProcessError in file "/Users/whitesa3/Desktop/gwas-analysis/gwasqc/Snakefile", line 239:
Command 'set -euo pipefail;  python modules/harmonize.py --gwas-software saige --gwas-results example_inputs/test.tsv --output-file example_output/aligned/FinnGen_thyroid_cancer_both_EUR/19_FinnGen_thyroid_cancer_both_EUR_aligned_to_gnomad.tsv --output-no-position example_output/aligned/FinnGen_thyroid_cancer_both_EUR/19_FinnGen_thyroid_cancer_both_EUR_no_position_in_gnomad.tsv --output-unaligned example_output/aligned/FinnGen_thyroid_cancer_both_EUR/19_FinnGen_thyroid_cancer_both_EUR_not_aligned_in_gnomad.tsv --gnomad-ref-dir example_inputs/gnomAD --sex both --chromosome 19 --ancestry EUR --chrom-col \#chrom --position pos --ea alt --non-ea ref --eaf af_alt --beta beta --pval pval --se sebeta --variant-id nan --impute nan --n-case 2859 --n-control 378749 --n-total nan &> example_output/aligned/FinnGen_thyroid_cancer_both_EUR/logs/19_FinnGen_thyroid_cancer_both_EUR_filter_and_harmonize.log' returned non-zero exit status 1.
[Mon Mar 31 14:52:40 2025]
Error in rule filter_and_harmonize:
    message: None
    jobid: 19
    input: example_inputs/gnomAD
    output: example_output/aligned/FinnGen_thyroid_cancer_both_EUR/19_FinnGen_thyroid_cancer_both_EUR_aligned_to_gnomad.tsv, example_output/aligned/FinnGen_thyroid_cancer_both_EUR/19_FinnGen_thyroid_cancer_both_EUR_not_aligned_in_gnomad.tsv, example_output/aligned/FinnGen_thyroid_cancer_both_EUR/19_FinnGen_thyroid_cancer_both_EUR_no_position_in_gnomad.tsv
    log: example_output/aligned/FinnGen_thyroid_cancer_both_EUR/logs/19_FinnGen_thyroid_cancer_both_EUR_filter_and_harmonize.log (check log file(s) for error details)
    shell:
        python modules/harmonize.py --gwas-software saige --gwas-results example_inputs/test.tsv --output-file example_output/aligned/FinnGen_thyroid_cancer_both_EUR/19_FinnGen_thyroid_cancer_both_EUR_aligned_to_gnomad.tsv --output-no-position example_output/aligned/FinnGen_thyroid_cancer_both_EUR/19_FinnGen_thyroid_cancer_both_EUR_no_position_in_gnomad.tsv --output-unaligned example_output/aligned/FinnGen_thyroid_cancer_both_EUR/19_FinnGen_thyroid_cancer_both_EUR_not_aligned_in_gnomad.tsv --gnomad-ref-dir example_inputs/gnomAD --sex both --chromosome 19 --ancestry EUR --chrom-col \#chrom --position pos --ea alt --non-ea ref --eaf af_alt --beta beta --pval pval --se sebeta --variant-id nan --impute nan --n-case 2859 --n-control 378749 --n-total nan &> example_output/aligned/FinnGen_thyroid_cancer_both_EUR/logs/19_FinnGen_thyroid_cancer_both_EUR_filter_and_harmonize.log
        (command exited with non-zero exit code)
RuleException:
CalledProcessError in file "/Users/whitesa3/Desktop/gwas-analysis/gwasqc/Snakefile", line 239:
Command 'set -euo pipefail;  python modules/harmonize.py --gwas-software saige --gwas-results example_inputs/test.tsv --output-file example_output/aligned/FinnGen_thyroid_cancer_both_EUR/4_FinnGen_thyroid_cancer_both_EUR_aligned_to_gnomad.tsv --output-no-position example_output/aligned/FinnGen_thyroid_cancer_both_EUR/4_FinnGen_thyroid_cancer_both_EUR_no_position_in_gnomad.tsv --output-unaligned example_output/aligned/FinnGen_thyroid_cancer_both_EUR/4_FinnGen_thyroid_cancer_both_EUR_not_aligned_in_gnomad.tsv --gnomad-ref-dir example_inputs/gnomAD --sex both --chromosome 4 --ancestry EUR --chrom-col \#chrom --position pos --ea alt --non-ea ref --eaf af_alt --beta beta --pval pval --se sebeta --variant-id nan --impute nan --n-case 2859 --n-control 378749 --n-total nan &> example_output/aligned/FinnGen_thyroid_cancer_both_EUR/logs/4_FinnGen_thyroid_cancer_both_EUR_filter_and_harmonize.log' returned non-zero exit status 1.
[Mon Mar 31 14:52:40 2025]
Error in rule filter_and_harmonize:
    message: None
    jobid: 4
    input: example_inputs/gnomAD
    output: example_output/aligned/FinnGen_thyroid_cancer_both_EUR/4_FinnGen_thyroid_cancer_both_EUR_aligned_to_gnomad.tsv, example_output/aligned/FinnGen_thyroid_cancer_both_EUR/4_FinnGen_thyroid_cancer_both_EUR_not_aligned_in_gnomad.tsv, example_output/aligned/FinnGen_thyroid_cancer_both_EUR/4_FinnGen_thyroid_cancer_both_EUR_no_position_in_gnomad.tsv
    log: example_output/aligned/FinnGen_thyroid_cancer_both_EUR/logs/4_FinnGen_thyroid_cancer_both_EUR_filter_and_harmonize.log (check log file(s) for error details)
    shell:
        python modules/harmonize.py --gwas-software saige --gwas-results example_inputs/test.tsv --output-file example_output/aligned/FinnGen_thyroid_cancer_both_EUR/4_FinnGen_thyroid_cancer_both_EUR_aligned_to_gnomad.tsv --output-no-position example_output/aligned/FinnGen_thyroid_cancer_both_EUR/4_FinnGen_thyroid_cancer_both_EUR_no_position_in_gnomad.tsv --output-unaligned example_output/aligned/FinnGen_thyroid_cancer_both_EUR/4_FinnGen_thyroid_cancer_both_EUR_not_aligned_in_gnomad.tsv --gnomad-ref-dir example_inputs/gnomAD --sex both --chromosome 4 --ancestry EUR --chrom-col \#chrom --position pos --ea alt --non-ea ref --eaf af_alt --beta beta --pval pval --se sebeta --variant-id nan --impute nan --n-case 2859 --n-control 378749 --n-total nan &> example_output/aligned/FinnGen_thyroid_cancer_both_EUR/logs/4_FinnGen_thyroid_cancer_both_EUR_filter_and_harmonize.log
        (command exited with non-zero exit code)
RuleException:
CalledProcessError in file "/Users/whitesa3/Desktop/gwas-analysis/gwasqc/Snakefile", line 239:
Command 'set -euo pipefail;  python modules/harmonize.py --gwas-software saige --gwas-results example_inputs/test.tsv --output-file example_output/aligned/FinnGen_thyroid_cancer_both_EUR/10_FinnGen_thyroid_cancer_both_EUR_aligned_to_gnomad.tsv --output-no-position example_output/aligned/FinnGen_thyroid_cancer_both_EUR/10_FinnGen_thyroid_cancer_both_EUR_no_position_in_gnomad.tsv --output-unaligned example_output/aligned/FinnGen_thyroid_cancer_both_EUR/10_FinnGen_thyroid_cancer_both_EUR_not_aligned_in_gnomad.tsv --gnomad-ref-dir example_inputs/gnomAD --sex both --chromosome 10 --ancestry EUR --chrom-col \#chrom --position pos --ea alt --non-ea ref --eaf af_alt --beta beta --pval pval --se sebeta --variant-id nan --impute nan --n-case 2859 --n-control 378749 --n-total nan &> example_output/aligned/FinnGen_thyroid_cancer_both_EUR/logs/10_FinnGen_thyroid_cancer_both_EUR_filter_and_harmonize.log' returned non-zero exit status 1.
[Mon Mar 31 14:52:40 2025]
Error in rule filter_and_harmonize:
    message: None
    jobid: 10
    input: example_inputs/gnomAD
    output: example_output/aligned/FinnGen_thyroid_cancer_both_EUR/10_FinnGen_thyroid_cancer_both_EUR_aligned_to_gnomad.tsv, example_output/aligned/FinnGen_thyroid_cancer_both_EUR/10_FinnGen_thyroid_cancer_both_EUR_not_aligned_in_gnomad.tsv, example_output/aligned/FinnGen_thyroid_cancer_both_EUR/10_FinnGen_thyroid_cancer_both_EUR_no_position_in_gnomad.tsv
    log: example_output/aligned/FinnGen_thyroid_cancer_both_EUR/logs/10_FinnGen_thyroid_cancer_both_EUR_filter_and_harmonize.log (check log file(s) for error details)
    shell:
        python modules/harmonize.py --gwas-software saige --gwas-results example_inputs/test.tsv --output-file example_output/aligned/FinnGen_thyroid_cancer_both_EUR/10_FinnGen_thyroid_cancer_both_EUR_aligned_to_gnomad.tsv --output-no-position example_output/aligned/FinnGen_thyroid_cancer_both_EUR/10_FinnGen_thyroid_cancer_both_EUR_no_position_in_gnomad.tsv --output-unaligned example_output/aligned/FinnGen_thyroid_cancer_both_EUR/10_FinnGen_thyroid_cancer_both_EUR_not_aligned_in_gnomad.tsv --gnomad-ref-dir example_inputs/gnomAD --sex both --chromosome 10 --ancestry EUR --chrom-col \#chrom --position pos --ea alt --non-ea ref --eaf af_alt --beta beta --pval pval --se sebeta --variant-id nan --impute nan --n-case 2859 --n-control 378749 --n-total nan &> example_output/aligned/FinnGen_thyroid_cancer_both_EUR/logs/10_FinnGen_thyroid_cancer_both_EUR_filter_and_harmonize.log
        (command exited with non-zero exit code)
RuleException:
CalledProcessError in file "/Users/whitesa3/Desktop/gwas-analysis/gwasqc/Snakefile", line 239:
Command 'set -euo pipefail;  python modules/harmonize.py --gwas-software saige --gwas-results example_inputs/test.tsv --output-file example_output/aligned/FinnGen_thyroid_cancer_both_EUR/9_FinnGen_thyroid_cancer_both_EUR_aligned_to_gnomad.tsv --output-no-position example_output/aligned/FinnGen_thyroid_cancer_both_EUR/9_FinnGen_thyroid_cancer_both_EUR_no_position_in_gnomad.tsv --output-unaligned example_output/aligned/FinnGen_thyroid_cancer_both_EUR/9_FinnGen_thyroid_cancer_both_EUR_not_aligned_in_gnomad.tsv --gnomad-ref-dir example_inputs/gnomAD --sex both --chromosome 9 --ancestry EUR --chrom-col \#chrom --position pos --ea alt --non-ea ref --eaf af_alt --beta beta --pval pval --se sebeta --variant-id nan --impute nan --n-case 2859 --n-control 378749 --n-total nan &> example_output/aligned/FinnGen_thyroid_cancer_both_EUR/logs/9_FinnGen_thyroid_cancer_both_EUR_filter_and_harmonize.log' returned non-zero exit status 1.
[Mon Mar 31 14:52:40 2025]
Error in rule filter_and_harmonize:
    message: None
    jobid: 9
    input: example_inputs/gnomAD
    output: example_output/aligned/FinnGen_thyroid_cancer_both_EUR/9_FinnGen_thyroid_cancer_both_EUR_aligned_to_gnomad.tsv, example_output/aligned/FinnGen_thyroid_cancer_both_EUR/9_FinnGen_thyroid_cancer_both_EUR_not_aligned_in_gnomad.tsv, example_output/aligned/FinnGen_thyroid_cancer_both_EUR/9_FinnGen_thyroid_cancer_both_EUR_no_position_in_gnomad.tsv
    log: example_output/aligned/FinnGen_thyroid_cancer_both_EUR/logs/9_FinnGen_thyroid_cancer_both_EUR_filter_and_harmonize.log (check log file(s) for error details)
    shell:
        python modules/harmonize.py --gwas-software saige --gwas-results example_inputs/test.tsv --output-file example_output/aligned/FinnGen_thyroid_cancer_both_EUR/9_FinnGen_thyroid_cancer_both_EUR_aligned_to_gnomad.tsv --output-no-position example_output/aligned/FinnGen_thyroid_cancer_both_EUR/9_FinnGen_thyroid_cancer_both_EUR_no_position_in_gnomad.tsv --output-unaligned example_output/aligned/FinnGen_thyroid_cancer_both_EUR/9_FinnGen_thyroid_cancer_both_EUR_not_aligned_in_gnomad.tsv --gnomad-ref-dir example_inputs/gnomAD --sex both --chromosome 9 --ancestry EUR --chrom-col \#chrom --position pos --ea alt --non-ea ref --eaf af_alt --beta beta --pval pval --se sebeta --variant-id nan --impute nan --n-case 2859 --n-control 378749 --n-total nan &> example_output/aligned/FinnGen_thyroid_cancer_both_EUR/logs/9_FinnGen_thyroid_cancer_both_EUR_filter_and_harmonize.log
        (command exited with non-zero exit code)
RuleException:
CalledProcessError in file "/Users/whitesa3/Desktop/gwas-analysis/gwasqc/Snakefile", line 239:
Command 'set -euo pipefail;  python modules/harmonize.py --gwas-software saige --gwas-results example_inputs/test.tsv --output-file example_output/aligned/FinnGen_thyroid_cancer_both_EUR/5_FinnGen_thyroid_cancer_both_EUR_aligned_to_gnomad.tsv --output-no-position example_output/aligned/FinnGen_thyroid_cancer_both_EUR/5_FinnGen_thyroid_cancer_both_EUR_no_position_in_gnomad.tsv --output-unaligned example_output/aligned/FinnGen_thyroid_cancer_both_EUR/5_FinnGen_thyroid_cancer_both_EUR_not_aligned_in_gnomad.tsv --gnomad-ref-dir example_inputs/gnomAD --sex both --chromosome 5 --ancestry EUR --chrom-col \#chrom --position pos --ea alt --non-ea ref --eaf af_alt --beta beta --pval pval --se sebeta --variant-id nan --impute nan --n-case 2859 --n-control 378749 --n-total nan &> example_output/aligned/FinnGen_thyroid_cancer_both_EUR/logs/5_FinnGen_thyroid_cancer_both_EUR_filter_and_harmonize.log' returned non-zero exit status 1.
[Mon Mar 31 14:52:40 2025]
Error in rule filter_and_harmonize:
    message: None
    jobid: 5
    input: example_inputs/gnomAD
    output: example_output/aligned/FinnGen_thyroid_cancer_both_EUR/5_FinnGen_thyroid_cancer_both_EUR_aligned_to_gnomad.tsv, example_output/aligned/FinnGen_thyroid_cancer_both_EUR/5_FinnGen_thyroid_cancer_both_EUR_not_aligned_in_gnomad.tsv, example_output/aligned/FinnGen_thyroid_cancer_both_EUR/5_FinnGen_thyroid_cancer_both_EUR_no_position_in_gnomad.tsv
    log: example_output/aligned/FinnGen_thyroid_cancer_both_EUR/logs/5_FinnGen_thyroid_cancer_both_EUR_filter_and_harmonize.log (check log file(s) for error details)
    shell:
        python modules/harmonize.py --gwas-software saige --gwas-results example_inputs/test.tsv --output-file example_output/aligned/FinnGen_thyroid_cancer_both_EUR/5_FinnGen_thyroid_cancer_both_EUR_aligned_to_gnomad.tsv --output-no-position example_output/aligned/FinnGen_thyroid_cancer_both_EUR/5_FinnGen_thyroid_cancer_both_EUR_no_position_in_gnomad.tsv --output-unaligned example_output/aligned/FinnGen_thyroid_cancer_both_EUR/5_FinnGen_thyroid_cancer_both_EUR_not_aligned_in_gnomad.tsv --gnomad-ref-dir example_inputs/gnomAD --sex both --chromosome 5 --ancestry EUR --chrom-col \#chrom --position pos --ea alt --non-ea ref --eaf af_alt --beta beta --pval pval --se sebeta --variant-id nan --impute nan --n-case 2859 --n-control 378749 --n-total nan &> example_output/aligned/FinnGen_thyroid_cancer_both_EUR/logs/5_FinnGen_thyroid_cancer_both_EUR_filter_and_harmonize.log
        (command exited with non-zero exit code)
RuleException:
CalledProcessError in file "/Users/whitesa3/Desktop/gwas-analysis/gwasqc/Snakefile", line 239:
Command 'set -euo pipefail;  python modules/harmonize.py --gwas-software saige --gwas-results example_inputs/test.tsv --output-file example_output/aligned/FinnGen_thyroid_cancer_both_EUR/18_FinnGen_thyroid_cancer_both_EUR_aligned_to_gnomad.tsv --output-no-position example_output/aligned/FinnGen_thyroid_cancer_both_EUR/18_FinnGen_thyroid_cancer_both_EUR_no_position_in_gnomad.tsv --output-unaligned example_output/aligned/FinnGen_thyroid_cancer_both_EUR/18_FinnGen_thyroid_cancer_both_EUR_not_aligned_in_gnomad.tsv --gnomad-ref-dir example_inputs/gnomAD --sex both --chromosome 18 --ancestry EUR --chrom-col \#chrom --position pos --ea alt --non-ea ref --eaf af_alt --beta beta --pval pval --se sebeta --variant-id nan --impute nan --n-case 2859 --n-control 378749 --n-total nan &> example_output/aligned/FinnGen_thyroid_cancer_both_EUR/logs/18_FinnGen_thyroid_cancer_both_EUR_filter_and_harmonize.log' returned non-zero exit status 1.
[Mon Mar 31 14:52:40 2025]
Error in rule filter_and_harmonize:
    message: None
    jobid: 18
    input: example_inputs/gnomAD
    output: example_output/aligned/FinnGen_thyroid_cancer_both_EUR/18_FinnGen_thyroid_cancer_both_EUR_aligned_to_gnomad.tsv, example_output/aligned/FinnGen_thyroid_cancer_both_EUR/18_FinnGen_thyroid_cancer_both_EUR_not_aligned_in_gnomad.tsv, example_output/aligned/FinnGen_thyroid_cancer_both_EUR/18_FinnGen_thyroid_cancer_both_EUR_no_position_in_gnomad.tsv
    log: example_output/aligned/FinnGen_thyroid_cancer_both_EUR/logs/18_FinnGen_thyroid_cancer_both_EUR_filter_and_harmonize.log (check log file(s) for error details)
    shell:
        python modules/harmonize.py --gwas-software saige --gwas-results example_inputs/test.tsv --output-file example_output/aligned/FinnGen_thyroid_cancer_both_EUR/18_FinnGen_thyroid_cancer_both_EUR_aligned_to_gnomad.tsv --output-no-position example_output/aligned/FinnGen_thyroid_cancer_both_EUR/18_FinnGen_thyroid_cancer_both_EUR_no_position_in_gnomad.tsv --output-unaligned example_output/aligned/FinnGen_thyroid_cancer_both_EUR/18_FinnGen_thyroid_cancer_both_EUR_not_aligned_in_gnomad.tsv --gnomad-ref-dir example_inputs/gnomAD --sex both --chromosome 18 --ancestry EUR --chrom-col \#chrom --position pos --ea alt --non-ea ref --eaf af_alt --beta beta --pval pval --se sebeta --variant-id nan --impute nan --n-case 2859 --n-control 378749 --n-total nan &> example_output/aligned/FinnGen_thyroid_cancer_both_EUR/logs/18_FinnGen_thyroid_cancer_both_EUR_filter_and_harmonize.log
        (command exited with non-zero exit code)
RuleException:
CalledProcessError in file "/Users/whitesa3/Desktop/gwas-analysis/gwasqc/Snakefile", line 239:
Command 'set -euo pipefail;  python modules/harmonize.py --gwas-software saige --gwas-results example_inputs/test.tsv --output-file example_output/aligned/FinnGen_thyroid_cancer_both_EUR/3_FinnGen_thyroid_cancer_both_EUR_aligned_to_gnomad.tsv --output-no-position example_output/aligned/FinnGen_thyroid_cancer_both_EUR/3_FinnGen_thyroid_cancer_both_EUR_no_position_in_gnomad.tsv --output-unaligned example_output/aligned/FinnGen_thyroid_cancer_both_EUR/3_FinnGen_thyroid_cancer_both_EUR_not_aligned_in_gnomad.tsv --gnomad-ref-dir example_inputs/gnomAD --sex both --chromosome 3 --ancestry EUR --chrom-col \#chrom --position pos --ea alt --non-ea ref --eaf af_alt --beta beta --pval pval --se sebeta --variant-id nan --impute nan --n-case 2859 --n-control 378749 --n-total nan &> example_output/aligned/FinnGen_thyroid_cancer_both_EUR/logs/3_FinnGen_thyroid_cancer_both_EUR_filter_and_harmonize.log' returned non-zero exit status 1.
[Mon Mar 31 14:52:40 2025]
Error in rule filter_and_harmonize:
    message: None
    jobid: 3
    input: example_inputs/gnomAD
    output: example_output/aligned/FinnGen_thyroid_cancer_both_EUR/3_FinnGen_thyroid_cancer_both_EUR_aligned_to_gnomad.tsv, example_output/aligned/FinnGen_thyroid_cancer_both_EUR/3_FinnGen_thyroid_cancer_both_EUR_not_aligned_in_gnomad.tsv, example_output/aligned/FinnGen_thyroid_cancer_both_EUR/3_FinnGen_thyroid_cancer_both_EUR_no_position_in_gnomad.tsv
    log: example_output/aligned/FinnGen_thyroid_cancer_both_EUR/logs/3_FinnGen_thyroid_cancer_both_EUR_filter_and_harmonize.log (check log file(s) for error details)
    shell:
        python modules/harmonize.py --gwas-software saige --gwas-results example_inputs/test.tsv --output-file example_output/aligned/FinnGen_thyroid_cancer_both_EUR/3_FinnGen_thyroid_cancer_both_EUR_aligned_to_gnomad.tsv --output-no-position example_output/aligned/FinnGen_thyroid_cancer_both_EUR/3_FinnGen_thyroid_cancer_both_EUR_no_position_in_gnomad.tsv --output-unaligned example_output/aligned/FinnGen_thyroid_cancer_both_EUR/3_FinnGen_thyroid_cancer_both_EUR_not_aligned_in_gnomad.tsv --gnomad-ref-dir example_inputs/gnomAD --sex both --chromosome 3 --ancestry EUR --chrom-col \#chrom --position pos --ea alt --non-ea ref --eaf af_alt --beta beta --pval pval --se sebeta --variant-id nan --impute nan --n-case 2859 --n-control 378749 --n-total nan &> example_output/aligned/FinnGen_thyroid_cancer_both_EUR/logs/3_FinnGen_thyroid_cancer_both_EUR_filter_and_harmonize.log
        (command exited with non-zero exit code)
RuleException:
CalledProcessError in file "/Users/whitesa3/Desktop/gwas-analysis/gwasqc/Snakefile", line 239:
Command 'set -euo pipefail;  python modules/harmonize.py --gwas-software saige --gwas-results example_inputs/test.tsv --output-file example_output/aligned/FinnGen_thyroid_cancer_both_EUR/2_FinnGen_thyroid_cancer_both_EUR_aligned_to_gnomad.tsv --output-no-position example_output/aligned/FinnGen_thyroid_cancer_both_EUR/2_FinnGen_thyroid_cancer_both_EUR_no_position_in_gnomad.tsv --output-unaligned example_output/aligned/FinnGen_thyroid_cancer_both_EUR/2_FinnGen_thyroid_cancer_both_EUR_not_aligned_in_gnomad.tsv --gnomad-ref-dir example_inputs/gnomAD --sex both --chromosome 2 --ancestry EUR --chrom-col \#chrom --position pos --ea alt --non-ea ref --eaf af_alt --beta beta --pval pval --se sebeta --variant-id nan --impute nan --n-case 2859 --n-control 378749 --n-total nan &> example_output/aligned/FinnGen_thyroid_cancer_both_EUR/logs/2_FinnGen_thyroid_cancer_both_EUR_filter_and_harmonize.log' returned non-zero exit status 1.
[Mon Mar 31 14:52:40 2025]
Error in rule filter_and_harmonize:
    message: None
    jobid: 2
    input: example_inputs/gnomAD
    output: example_output/aligned/FinnGen_thyroid_cancer_both_EUR/2_FinnGen_thyroid_cancer_both_EUR_aligned_to_gnomad.tsv, example_output/aligned/FinnGen_thyroid_cancer_both_EUR/2_FinnGen_thyroid_cancer_both_EUR_not_aligned_in_gnomad.tsv, example_output/aligned/FinnGen_thyroid_cancer_both_EUR/2_FinnGen_thyroid_cancer_both_EUR_no_position_in_gnomad.tsv
    log: example_output/aligned/FinnGen_thyroid_cancer_both_EUR/logs/2_FinnGen_thyroid_cancer_both_EUR_filter_and_harmonize.log (check log file(s) for error details)
    shell:
        python modules/harmonize.py --gwas-software saige --gwas-results example_inputs/test.tsv --output-file example_output/aligned/FinnGen_thyroid_cancer_both_EUR/2_FinnGen_thyroid_cancer_both_EUR_aligned_to_gnomad.tsv --output-no-position example_output/aligned/FinnGen_thyroid_cancer_both_EUR/2_FinnGen_thyroid_cancer_both_EUR_no_position_in_gnomad.tsv --output-unaligned example_output/aligned/FinnGen_thyroid_cancer_both_EUR/2_FinnGen_thyroid_cancer_both_EUR_not_aligned_in_gnomad.tsv --gnomad-ref-dir example_inputs/gnomAD --sex both --chromosome 2 --ancestry EUR --chrom-col \#chrom --position pos --ea alt --non-ea ref --eaf af_alt --beta beta --pval pval --se sebeta --variant-id nan --impute nan --n-case 2859 --n-control 378749 --n-total nan &> example_output/aligned/FinnGen_thyroid_cancer_both_EUR/logs/2_FinnGen_thyroid_cancer_both_EUR_filter_and_harmonize.log
        (command exited with non-zero exit code)
Shutting down, this might take some time.
Exiting because a job execution failed. Look below for error messages
[Mon Mar 31 14:52:40 2025]
Error in rule filter_and_harmonize:
    message: None
    jobid: 18
    input: example_inputs/gnomAD
    output: example_output/aligned/FinnGen_thyroid_cancer_both_EUR/18_FinnGen_thyroid_cancer_both_EUR_aligned_to_gnomad.tsv, example_output/aligned/FinnGen_thyroid_cancer_both_EUR/18_FinnGen_thyroid_cancer_both_EUR_not_aligned_in_gnomad.tsv, example_output/aligned/FinnGen_thyroid_cancer_both_EUR/18_FinnGen_thyroid_cancer_both_EUR_no_position_in_gnomad.tsv
    log: example_output/aligned/FinnGen_thyroid_cancer_both_EUR/logs/18_FinnGen_thyroid_cancer_both_EUR_filter_and_harmonize.log (check log file(s) for error details)
    shell:
        python modules/harmonize.py --gwas-software saige --gwas-results example_inputs/test.tsv --output-file example_output/aligned/FinnGen_thyroid_cancer_both_EUR/18_FinnGen_thyroid_cancer_both_EUR_aligned_to_gnomad.tsv --output-no-position example_output/aligned/FinnGen_thyroid_cancer_both_EUR/18_FinnGen_thyroid_cancer_both_EUR_no_position_in_gnomad.tsv --output-unaligned example_output/aligned/FinnGen_thyroid_cancer_both_EUR/18_FinnGen_thyroid_cancer_both_EUR_not_aligned_in_gnomad.tsv --gnomad-ref-dir example_inputs/gnomAD --sex both --chromosome 18 --ancestry EUR --chrom-col \#chrom --position pos --ea alt --non-ea ref --eaf af_alt --beta beta --pval pval --se sebeta --variant-id nan --impute nan --n-case 2859 --n-control 378749 --n-total nan &> example_output/aligned/FinnGen_thyroid_cancer_both_EUR/logs/18_FinnGen_thyroid_cancer_both_EUR_filter_and_harmonize.log
        (command exited with non-zero exit code)
[Mon Mar 31 14:52:40 2025]
Error in rule filter_and_harmonize:
    message: None
    jobid: 2
    input: example_inputs/gnomAD
    output: example_output/aligned/FinnGen_thyroid_cancer_both_EUR/2_FinnGen_thyroid_cancer_both_EUR_aligned_to_gnomad.tsv, example_output/aligned/FinnGen_thyroid_cancer_both_EUR/2_FinnGen_thyroid_cancer_both_EUR_not_aligned_in_gnomad.tsv, example_output/aligned/FinnGen_thyroid_cancer_both_EUR/2_FinnGen_thyroid_cancer_both_EUR_no_position_in_gnomad.tsv
    log: example_output/aligned/FinnGen_thyroid_cancer_both_EUR/logs/2_FinnGen_thyroid_cancer_both_EUR_filter_and_harmonize.log (check log file(s) for error details)
    shell:
        python modules/harmonize.py --gwas-software saige --gwas-results example_inputs/test.tsv --output-file example_output/aligned/FinnGen_thyroid_cancer_both_EUR/2_FinnGen_thyroid_cancer_both_EUR_aligned_to_gnomad.tsv --output-no-position example_output/aligned/FinnGen_thyroid_cancer_both_EUR/2_FinnGen_thyroid_cancer_both_EUR_no_position_in_gnomad.tsv --output-unaligned example_output/aligned/FinnGen_thyroid_cancer_both_EUR/2_FinnGen_thyroid_cancer_both_EUR_not_aligned_in_gnomad.tsv --gnomad-ref-dir example_inputs/gnomAD --sex both --chromosome 2 --ancestry EUR --chrom-col \#chrom --position pos --ea alt --non-ea ref --eaf af_alt --beta beta --pval pval --se sebeta --variant-id nan --impute nan --n-case 2859 --n-control 378749 --n-total nan &> example_output/aligned/FinnGen_thyroid_cancer_both_EUR/logs/2_FinnGen_thyroid_cancer_both_EUR_filter_and_harmonize.log
        (command exited with non-zero exit code)
[Mon Mar 31 14:52:40 2025]
Error in rule filter_and_harmonize:
    message: None
    jobid: 10
    input: example_inputs/gnomAD
    output: example_output/aligned/FinnGen_thyroid_cancer_both_EUR/10_FinnGen_thyroid_cancer_both_EUR_aligned_to_gnomad.tsv, example_output/aligned/FinnGen_thyroid_cancer_both_EUR/10_FinnGen_thyroid_cancer_both_EUR_not_aligned_in_gnomad.tsv, example_output/aligned/FinnGen_thyroid_cancer_both_EUR/10_FinnGen_thyroid_cancer_both_EUR_no_position_in_gnomad.tsv
    log: example_output/aligned/FinnGen_thyroid_cancer_both_EUR/logs/10_FinnGen_thyroid_cancer_both_EUR_filter_and_harmonize.log (check log file(s) for error details)
    shell:
        python modules/harmonize.py --gwas-software saige --gwas-results example_inputs/test.tsv --output-file example_output/aligned/FinnGen_thyroid_cancer_both_EUR/10_FinnGen_thyroid_cancer_both_EUR_aligned_to_gnomad.tsv --output-no-position example_output/aligned/FinnGen_thyroid_cancer_both_EUR/10_FinnGen_thyroid_cancer_both_EUR_no_position_in_gnomad.tsv --output-unaligned example_output/aligned/FinnGen_thyroid_cancer_both_EUR/10_FinnGen_thyroid_cancer_both_EUR_not_aligned_in_gnomad.tsv --gnomad-ref-dir example_inputs/gnomAD --sex both --chromosome 10 --ancestry EUR --chrom-col \#chrom --position pos --ea alt --non-ea ref --eaf af_alt --beta beta --pval pval --se sebeta --variant-id nan --impute nan --n-case 2859 --n-control 378749 --n-total nan &> example_output/aligned/FinnGen_thyroid_cancer_both_EUR/logs/10_FinnGen_thyroid_cancer_both_EUR_filter_and_harmonize.log
        (command exited with non-zero exit code)
[Mon Mar 31 14:52:40 2025]
Error in rule filter_and_harmonize:
    message: None
    jobid: 3
    input: example_inputs/gnomAD
    output: example_output/aligned/FinnGen_thyroid_cancer_both_EUR/3_FinnGen_thyroid_cancer_both_EUR_aligned_to_gnomad.tsv, example_output/aligned/FinnGen_thyroid_cancer_both_EUR/3_FinnGen_thyroid_cancer_both_EUR_not_aligned_in_gnomad.tsv, example_output/aligned/FinnGen_thyroid_cancer_both_EUR/3_FinnGen_thyroid_cancer_both_EUR_no_position_in_gnomad.tsv
    log: example_output/aligned/FinnGen_thyroid_cancer_both_EUR/logs/3_FinnGen_thyroid_cancer_both_EUR_filter_and_harmonize.log (check log file(s) for error details)
    shell:
        python modules/harmonize.py --gwas-software saige --gwas-results example_inputs/test.tsv --output-file example_output/aligned/FinnGen_thyroid_cancer_both_EUR/3_FinnGen_thyroid_cancer_both_EUR_aligned_to_gnomad.tsv --output-no-position example_output/aligned/FinnGen_thyroid_cancer_both_EUR/3_FinnGen_thyroid_cancer_both_EUR_no_position_in_gnomad.tsv --output-unaligned example_output/aligned/FinnGen_thyroid_cancer_both_EUR/3_FinnGen_thyroid_cancer_both_EUR_not_aligned_in_gnomad.tsv --gnomad-ref-dir example_inputs/gnomAD --sex both --chromosome 3 --ancestry EUR --chrom-col \#chrom --position pos --ea alt --non-ea ref --eaf af_alt --beta beta --pval pval --se sebeta --variant-id nan --impute nan --n-case 2859 --n-control 378749 --n-total nan &> example_output/aligned/FinnGen_thyroid_cancer_both_EUR/logs/3_FinnGen_thyroid_cancer_both_EUR_filter_and_harmonize.log
        (command exited with non-zero exit code)
[Mon Mar 31 14:52:40 2025]
Error in rule filter_and_harmonize:
    message: None
    jobid: 17
    input: example_inputs/gnomAD
    output: example_output/aligned/FinnGen_thyroid_cancer_both_EUR/17_FinnGen_thyroid_cancer_both_EUR_aligned_to_gnomad.tsv, example_output/aligned/FinnGen_thyroid_cancer_both_EUR/17_FinnGen_thyroid_cancer_both_EUR_not_aligned_in_gnomad.tsv, example_output/aligned/FinnGen_thyroid_cancer_both_EUR/17_FinnGen_thyroid_cancer_both_EUR_no_position_in_gnomad.tsv
    log: example_output/aligned/FinnGen_thyroid_cancer_both_EUR/logs/17_FinnGen_thyroid_cancer_both_EUR_filter_and_harmonize.log (check log file(s) for error details)
    shell:
        python modules/harmonize.py --gwas-software saige --gwas-results example_inputs/test.tsv --output-file example_output/aligned/FinnGen_thyroid_cancer_both_EUR/17_FinnGen_thyroid_cancer_both_EUR_aligned_to_gnomad.tsv --output-no-position example_output/aligned/FinnGen_thyroid_cancer_both_EUR/17_FinnGen_thyroid_cancer_both_EUR_no_position_in_gnomad.tsv --output-unaligned example_output/aligned/FinnGen_thyroid_cancer_both_EUR/17_FinnGen_thyroid_cancer_both_EUR_not_aligned_in_gnomad.tsv --gnomad-ref-dir example_inputs/gnomAD --sex both --chromosome 17 --ancestry EUR --chrom-col \#chrom --position pos --ea alt --non-ea ref --eaf af_alt --beta beta --pval pval --se sebeta --variant-id nan --impute nan --n-case 2859 --n-control 378749 --n-total nan &> example_output/aligned/FinnGen_thyroid_cancer_both_EUR/logs/17_FinnGen_thyroid_cancer_both_EUR_filter_and_harmonize.log
        (command exited with non-zero exit code)
[Mon Mar 31 14:52:40 2025]
Error in rule filter_and_harmonize:
    message: None
    jobid: 9
    input: example_inputs/gnomAD
    output: example_output/aligned/FinnGen_thyroid_cancer_both_EUR/9_FinnGen_thyroid_cancer_both_EUR_aligned_to_gnomad.tsv, example_output/aligned/FinnGen_thyroid_cancer_both_EUR/9_FinnGen_thyroid_cancer_both_EUR_not_aligned_in_gnomad.tsv, example_output/aligned/FinnGen_thyroid_cancer_both_EUR/9_FinnGen_thyroid_cancer_both_EUR_no_position_in_gnomad.tsv
    log: example_output/aligned/FinnGen_thyroid_cancer_both_EUR/logs/9_FinnGen_thyroid_cancer_both_EUR_filter_and_harmonize.log (check log file(s) for error details)
    shell:
        python modules/harmonize.py --gwas-software saige --gwas-results example_inputs/test.tsv --output-file example_output/aligned/FinnGen_thyroid_cancer_both_EUR/9_FinnGen_thyroid_cancer_both_EUR_aligned_to_gnomad.tsv --output-no-position example_output/aligned/FinnGen_thyroid_cancer_both_EUR/9_FinnGen_thyroid_cancer_both_EUR_no_position_in_gnomad.tsv --output-unaligned example_output/aligned/FinnGen_thyroid_cancer_both_EUR/9_FinnGen_thyroid_cancer_both_EUR_not_aligned_in_gnomad.tsv --gnomad-ref-dir example_inputs/gnomAD --sex both --chromosome 9 --ancestry EUR --chrom-col \#chrom --position pos --ea alt --non-ea ref --eaf af_alt --beta beta --pval pval --se sebeta --variant-id nan --impute nan --n-case 2859 --n-control 378749 --n-total nan &> example_output/aligned/FinnGen_thyroid_cancer_both_EUR/logs/9_FinnGen_thyroid_cancer_both_EUR_filter_and_harmonize.log
        (command exited with non-zero exit code)
[Mon Mar 31 14:52:40 2025]
Error in rule filter_and_harmonize:
    message: None
    jobid: 4
    input: example_inputs/gnomAD
    output: example_output/aligned/FinnGen_thyroid_cancer_both_EUR/4_FinnGen_thyroid_cancer_both_EUR_aligned_to_gnomad.tsv, example_output/aligned/FinnGen_thyroid_cancer_both_EUR/4_FinnGen_thyroid_cancer_both_EUR_not_aligned_in_gnomad.tsv, example_output/aligned/FinnGen_thyroid_cancer_both_EUR/4_FinnGen_thyroid_cancer_both_EUR_no_position_in_gnomad.tsv
    log: example_output/aligned/FinnGen_thyroid_cancer_both_EUR/logs/4_FinnGen_thyroid_cancer_both_EUR_filter_and_harmonize.log (check log file(s) for error details)
    shell:
        python modules/harmonize.py --gwas-software saige --gwas-results example_inputs/test.tsv --output-file example_output/aligned/FinnGen_thyroid_cancer_both_EUR/4_FinnGen_thyroid_cancer_both_EUR_aligned_to_gnomad.tsv --output-no-position example_output/aligned/FinnGen_thyroid_cancer_both_EUR/4_FinnGen_thyroid_cancer_both_EUR_no_position_in_gnomad.tsv --output-unaligned example_output/aligned/FinnGen_thyroid_cancer_both_EUR/4_FinnGen_thyroid_cancer_both_EUR_not_aligned_in_gnomad.tsv --gnomad-ref-dir example_inputs/gnomAD --sex both --chromosome 4 --ancestry EUR --chrom-col \#chrom --position pos --ea alt --non-ea ref --eaf af_alt --beta beta --pval pval --se sebeta --variant-id nan --impute nan --n-case 2859 --n-control 378749 --n-total nan &> example_output/aligned/FinnGen_thyroid_cancer_both_EUR/logs/4_FinnGen_thyroid_cancer_both_EUR_filter_and_harmonize.log
        (command exited with non-zero exit code)
[Mon Mar 31 14:52:40 2025]
Error in rule filter_and_harmonize:
    message: None
    jobid: 19
    input: example_inputs/gnomAD
    output: example_output/aligned/FinnGen_thyroid_cancer_both_EUR/19_FinnGen_thyroid_cancer_both_EUR_aligned_to_gnomad.tsv, example_output/aligned/FinnGen_thyroid_cancer_both_EUR/19_FinnGen_thyroid_cancer_both_EUR_not_aligned_in_gnomad.tsv, example_output/aligned/FinnGen_thyroid_cancer_both_EUR/19_FinnGen_thyroid_cancer_both_EUR_no_position_in_gnomad.tsv
    log: example_output/aligned/FinnGen_thyroid_cancer_both_EUR/logs/19_FinnGen_thyroid_cancer_both_EUR_filter_and_harmonize.log (check log file(s) for error details)
    shell:
        python modules/harmonize.py --gwas-software saige --gwas-results example_inputs/test.tsv --output-file example_output/aligned/FinnGen_thyroid_cancer_both_EUR/19_FinnGen_thyroid_cancer_both_EUR_aligned_to_gnomad.tsv --output-no-position example_output/aligned/FinnGen_thyroid_cancer_both_EUR/19_FinnGen_thyroid_cancer_both_EUR_no_position_in_gnomad.tsv --output-unaligned example_output/aligned/FinnGen_thyroid_cancer_both_EUR/19_FinnGen_thyroid_cancer_both_EUR_not_aligned_in_gnomad.tsv --gnomad-ref-dir example_inputs/gnomAD --sex both --chromosome 19 --ancestry EUR --chrom-col \#chrom --position pos --ea alt --non-ea ref --eaf af_alt --beta beta --pval pval --se sebeta --variant-id nan --impute nan --n-case 2859 --n-control 378749 --n-total nan &> example_output/aligned/FinnGen_thyroid_cancer_both_EUR/logs/19_FinnGen_thyroid_cancer_both_EUR_filter_and_harmonize.log
        (command exited with non-zero exit code)
[Mon Mar 31 14:52:40 2025]
Error in rule filter_and_harmonize:
    message: None
    jobid: 12
    input: example_inputs/gnomAD
    output: example_output/aligned/FinnGen_thyroid_cancer_both_EUR/12_FinnGen_thyroid_cancer_both_EUR_aligned_to_gnomad.tsv, example_output/aligned/FinnGen_thyroid_cancer_both_EUR/12_FinnGen_thyroid_cancer_both_EUR_not_aligned_in_gnomad.tsv, example_output/aligned/FinnGen_thyroid_cancer_both_EUR/12_FinnGen_thyroid_cancer_both_EUR_no_position_in_gnomad.tsv
    log: example_output/aligned/FinnGen_thyroid_cancer_both_EUR/logs/12_FinnGen_thyroid_cancer_both_EUR_filter_and_harmonize.log (check log file(s) for error details)
    shell:
        python modules/harmonize.py --gwas-software saige --gwas-results example_inputs/test.tsv --output-file example_output/aligned/FinnGen_thyroid_cancer_both_EUR/12_FinnGen_thyroid_cancer_both_EUR_aligned_to_gnomad.tsv --output-no-position example_output/aligned/FinnGen_thyroid_cancer_both_EUR/12_FinnGen_thyroid_cancer_both_EUR_no_position_in_gnomad.tsv --output-unaligned example_output/aligned/FinnGen_thyroid_cancer_both_EUR/12_FinnGen_thyroid_cancer_both_EUR_not_aligned_in_gnomad.tsv --gnomad-ref-dir example_inputs/gnomAD --sex both --chromosome 12 --ancestry EUR --chrom-col \#chrom --position pos --ea alt --non-ea ref --eaf af_alt --beta beta --pval pval --se sebeta --variant-id nan --impute nan --n-case 2859 --n-control 378749 --n-total nan &> example_output/aligned/FinnGen_thyroid_cancer_both_EUR/logs/12_FinnGen_thyroid_cancer_both_EUR_filter_and_harmonize.log
        (command exited with non-zero exit code)
[Mon Mar 31 14:52:40 2025]
Error in rule filter_and_harmonize:
    message: None
    jobid: 5
    input: example_inputs/gnomAD
    output: example_output/aligned/FinnGen_thyroid_cancer_both_EUR/5_FinnGen_thyroid_cancer_both_EUR_aligned_to_gnomad.tsv, example_output/aligned/FinnGen_thyroid_cancer_both_EUR/5_FinnGen_thyroid_cancer_both_EUR_not_aligned_in_gnomad.tsv, example_output/aligned/FinnGen_thyroid_cancer_both_EUR/5_FinnGen_thyroid_cancer_both_EUR_no_position_in_gnomad.tsv
    log: example_output/aligned/FinnGen_thyroid_cancer_both_EUR/logs/5_FinnGen_thyroid_cancer_both_EUR_filter_and_harmonize.log (check log file(s) for error details)
    shell:
        python modules/harmonize.py --gwas-software saige --gwas-results example_inputs/test.tsv --output-file example_output/aligned/FinnGen_thyroid_cancer_both_EUR/5_FinnGen_thyroid_cancer_both_EUR_aligned_to_gnomad.tsv --output-no-position example_output/aligned/FinnGen_thyroid_cancer_both_EUR/5_FinnGen_thyroid_cancer_both_EUR_no_position_in_gnomad.tsv --output-unaligned example_output/aligned/FinnGen_thyroid_cancer_both_EUR/5_FinnGen_thyroid_cancer_both_EUR_not_aligned_in_gnomad.tsv --gnomad-ref-dir example_inputs/gnomAD --sex both --chromosome 5 --ancestry EUR --chrom-col \#chrom --position pos --ea alt --non-ea ref --eaf af_alt --beta beta --pval pval --se sebeta --variant-id nan --impute nan --n-case 2859 --n-control 378749 --n-total nan &> example_output/aligned/FinnGen_thyroid_cancer_both_EUR/logs/5_FinnGen_thyroid_cancer_both_EUR_filter_and_harmonize.log
        (command exited with non-zero exit code)
Complete log(s): /Users/whitesa3/Desktop/gwas-analysis/gwasqc/.snakemake/log/2025-03-31T145239.699607.snakemake.log
WorkflowError:
At least one job did not complete successfully.
