Assuming unrestricted shared filesystem usage.
None
host: ENDO-M-027L7J4
Building DAG of jobs...
Using shell: /bin/bash
Provided cores: 1 (use --cores to define parallelism)
Rules claiming more threads will be scaled down.
Job stats:
job                 count
----------------  -------
all                     1
clean_predixscan        1
total                   2

Select jobs to execute...
Execute 1 jobs...
[Tue Apr  8 15:33:27 2025]
localrule clean_predixscan:
    input: /Users/whitesa3/Projects/TWAS/summary/leave_none_out_thyroid_cancer.tsv, /Users/whitesa3/Projects/TWAS/Homo_sapiens.GRCh38.113.gtf
    output: example_outputs/combined_results/thyroid_cancer.tsv
    log: example_outputs/combined_results/thyroid_cancer.log
    jobid: 1
    reason: Missing output files: example_outputs/combined_results/thyroid_cancer.tsv
    wildcards: output_dir=example_outputs, key=thyroid_cancer
    resources: tmpdir=/var/folders/6n/qsyvjjbx6394xfkzt4c8krsm0000gp/T

Waiting for more resources.
[Tue Apr  8 15:35:14 2025]
Finished jobid: 1 (Rule: clean_predixscan)
1 of 2 steps (50%) done
Select jobs to execute...
Execute 1 jobs...
[Tue Apr  8 15:35:14 2025]
localrule all:
    input: example_outputs/combined_results/thyroid_cancer.tsv
    jobid: 0
    reason: Input files updated by another job: example_outputs/combined_results/thyroid_cancer.tsv
    resources: tmpdir=/var/folders/6n/qsyvjjbx6394xfkzt4c8krsm0000gp/T

Waiting for more resources.
[Tue Apr  8 15:35:14 2025]
Finished jobid: 0 (Rule: all)
2 of 2 steps (100%) done
Complete log(s): /Users/whitesa3/Desktop/gwas-analysis/add-twas/.snakemake/log/2025-04-08T153327.473187.snakemake.log
